  [1m[35m (112.2ms)[0m  [1m[35mCREATE DATABASE "assignment_development" ENCODING = 'unicode' /*application='Assignment'*/[0m
  [1m[35m (108.7ms)[0m  [1m[35mCREATE DATABASE "assignment_development" ENCODING = 'unicode' /*application='Assignment'*/[0m
  [1m[35m (111.8ms)[0m  [1m[35mCREATE DATABASE "assignment_development" ENCODING = 'unicode' /*application='Assignment'*/[0m
  [1m[35mSQL (6.6ms)[0m  [1m[35mSET search_path TO public /*application='Assignment'*/[0m
  [1m[35m (245.2ms)[0m  [1m[35mCREATE DATABASE "assignment_development" ENCODING = 'unicode' /*application='Assignment'*/[0m
  [1m[35mSQL (0.3ms)[0m  [1m[35mSET search_path TO public /*application='Assignment'*/[0m
  [1m[35m (111.3ms)[0m  [1m[35mCREATE DATABASE "assignment_test" ENCODING = 'unicode' /*application='Assignment'*/[0m
Started GET "/" for ::1 at 2025-10-01 20:58:45 -0300
  [1m[35m (5.7ms)[0m  [1m[35mCREATE TABLE "schema_migrations" ("version" character varying NOT NULL PRIMARY KEY) /*application='Assignment'*/[0m
  [1m[35m (2.6ms)[0m  [1m[35mCREATE TABLE "ar_internal_metadata" ("key" character varying NOT NULL PRIMARY KEY, "value" character varying, "created_at" timestamp(6) NOT NULL, "updated_at" timestamp(6) NOT NULL) /*application='Assignment'*/[0m
  [1m[36mActiveRecord::SchemaMigration Load (0.9ms)[0m  [1m[34mSELECT "schema_migrations"."version" FROM "schema_migrations" ORDER BY "schema_migrations"."version" ASC /*application='Assignment'*/[0m
Processing by Rails::WelcomeController#index as HTML
  Rendering /home/ignac/.rbenv/versions/3.2.0/lib/ruby/gems/3.2.0/gems/railties-8.0.3/lib/rails/templates/rails/welcome/index.html.erb
  Rendered /home/ignac/.rbenv/versions/3.2.0/lib/ruby/gems/3.2.0/gems/railties-8.0.3/lib/rails/templates/rails/welcome/index.html.erb (Duration: 0.6ms | GC: 0.0ms)
Completed 200 OK in 35ms (Views: 6.2ms | ActiveRecord: 0.0ms (0 queries, 0 cached) | GC: 0.0ms)


Started GET "/" for ::1 at 2025-10-01 21:01:10 -0300
  [1m[36mActiveRecord::SchemaMigration Load (0.8ms)[0m  [1m[34mSELECT "schema_migrations"."version" FROM "schema_migrations" ORDER BY "schema_migrations"."version" ASC /*application='Assignment'*/[0m
  
ActiveRecord::PendingMigrationError (

Migrations are pending. To resolve this issue, run:

        bin/rails db:migrate

You have 3 pending migrations:

db/migrate/20251001235914_create_users.rb
db/migrate/20251001235922_create_challenges.rb
db/migrate/20251001235943_create_progresses.rb


):
  
activerecord (8.0.3) lib/active_record/migration.rb:742:in `check_pending_migrations'
activerecord (8.0.3) lib/active_record/migration.rb:659:in `block (2 levels) in call'
activesupport (8.0.3) lib/active_support/file_update_checker.rb:85:in `execute'
activerecord (8.0.3) lib/active_record/migration.rb:664:in `block in call'
activerecord (8.0.3) lib/active_record/migration.rb:656:in `synchronize'
activerecord (8.0.3) lib/active_record/migration.rb:656:in `call'
actionpack (8.0.3) lib/action_dispatch/middleware/callbacks.rb:31:in `block in call'
activesupport (8.0.3) lib/active_support/callbacks.rb:100:in `run_callbacks'
actionpack (8.0.3) lib/action_dispatch/middleware/callbacks.rb:30:in `call'
actionpack (8.0.3) lib/action_dispatch/middleware/executor.rb:16:in `call'
actionpack (8.0.3) lib/action_dispatch/middleware/actionable_exceptions.rb:18:in `call'
actionpack (8.0.3) lib/action_dispatch/middleware/debug_exceptions.rb:31:in `call'
web-console (4.2.1) lib/web_console/middleware.rb:132:in `call_app'
web-console (4.2.1) lib/web_console/middleware.rb:28:in `block in call'
web-console (4.2.1) lib/web_console/middleware.rb:17:in `catch'
web-console (4.2.1) lib/web_console/middleware.rb:17:in `call'
actionpack (8.0.3) lib/action_dispatch/middleware/show_exceptions.rb:32:in `call'
railties (8.0.3) lib/rails/rack/logger.rb:41:in `call_app'
railties (8.0.3) lib/rails/rack/logger.rb:29:in `call'
actionpack (8.0.3) lib/action_dispatch/middleware/remote_ip.rb:96:in `call'
actionpack (8.0.3) lib/action_dispatch/middleware/request_id.rb:34:in `call'
rack (3.2.1) lib/rack/method_override.rb:28:in `call'
rack (3.2.1) lib/rack/runtime.rb:24:in `call'
actionpack (8.0.3) lib/action_dispatch/middleware/server_timing.rb:61:in `block in call'
actionpack (8.0.3) lib/action_dispatch/middleware/server_timing.rb:26:in `collect_events'
actionpack (8.0.3) lib/action_dispatch/middleware/server_timing.rb:60:in `call'
actionpack (8.0.3) lib/action_dispatch/middleware/executor.rb:16:in `call'
propshaft (1.3.1) lib/propshaft/server.rb:37:in `call'
actionpack (8.0.3) lib/action_dispatch/middleware/static.rb:27:in `call'
rack (3.2.1) lib/rack/sendfile.rb:114:in `call'
actionpack (8.0.3) lib/action_dispatch/middleware/host_authorization.rb:143:in `call'
railties (8.0.3) lib/rails/engine.rb:535:in `call'
puma (7.0.4) lib/puma/configuration.rb:299:in `call'
puma (7.0.4) lib/puma/request.rb:101:in `block in handle_request'
puma (7.0.4) lib/puma/thread_pool.rb:346:in `with_force_shutdown'
puma (7.0.4) lib/puma/request.rb:100:in `handle_request'
puma (7.0.4) lib/puma/server.rb:506:in `process_client'
puma (7.0.4) lib/puma/server.rb:265:in `block in run'
puma (7.0.4) lib/puma/thread_pool.rb:173:in `block in spawn_thread'
Started GET "/favicon.ico" for ::1 at 2025-10-01 21:01:10 -0300
  [1m[36mActiveRecord::SchemaMigration Load (0.7ms)[0m  [1m[34mSELECT "schema_migrations"."version" FROM "schema_migrations" ORDER BY "schema_migrations"."version" ASC /*application='Assignment'*/[0m
  
ActiveRecord::PendingMigrationError (

Migrations are pending. To resolve this issue, run:

        bin/rails db:migrate

You have 3 pending migrations:

db/migrate/20251001235914_create_users.rb
db/migrate/20251001235922_create_challenges.rb
db/migrate/20251001235943_create_progresses.rb


):
  
activerecord (8.0.3) lib/active_record/migration.rb:742:in `check_pending_migrations'
activerecord (8.0.3) lib/active_record/migration.rb:659:in `block (2 levels) in call'
activesupport (8.0.3) lib/active_support/file_update_checker.rb:85:in `execute'
activerecord (8.0.3) lib/active_record/migration.rb:664:in `block in call'
activerecord (8.0.3) lib/active_record/migration.rb:656:in `synchronize'
activerecord (8.0.3) lib/active_record/migration.rb:656:in `call'
actionpack (8.0.3) lib/action_dispatch/middleware/callbacks.rb:31:in `block in call'
activesupport (8.0.3) lib/active_support/callbacks.rb:100:in `run_callbacks'
actionpack (8.0.3) lib/action_dispatch/middleware/callbacks.rb:30:in `call'
actionpack (8.0.3) lib/action_dispatch/middleware/executor.rb:16:in `call'
actionpack (8.0.3) lib/action_dispatch/middleware/actionable_exceptions.rb:18:in `call'
actionpack (8.0.3) lib/action_dispatch/middleware/debug_exceptions.rb:31:in `call'
web-console (4.2.1) lib/web_console/middleware.rb:132:in `call_app'
web-console (4.2.1) lib/web_console/middleware.rb:28:in `block in call'
web-console (4.2.1) lib/web_console/middleware.rb:17:in `catch'
web-console (4.2.1) lib/web_console/middleware.rb:17:in `call'
actionpack (8.0.3) lib/action_dispatch/middleware/show_exceptions.rb:32:in `call'
railties (8.0.3) lib/rails/rack/logger.rb:41:in `call_app'
railties (8.0.3) lib/rails/rack/logger.rb:29:in `call'
actionpack (8.0.3) lib/action_dispatch/middleware/remote_ip.rb:96:in `call'
actionpack (8.0.3) lib/action_dispatch/middleware/request_id.rb:34:in `call'
rack (3.2.1) lib/rack/method_override.rb:28:in `call'
rack (3.2.1) lib/rack/runtime.rb:24:in `call'
actionpack (8.0.3) lib/action_dispatch/middleware/server_timing.rb:61:in `block in call'
actionpack (8.0.3) lib/action_dispatch/middleware/server_timing.rb:26:in `collect_events'
actionpack (8.0.3) lib/action_dispatch/middleware/server_timing.rb:60:in `call'
actionpack (8.0.3) lib/action_dispatch/middleware/executor.rb:16:in `call'
propshaft (1.3.1) lib/propshaft/server.rb:37:in `call'
actionpack (8.0.3) lib/action_dispatch/middleware/static.rb:27:in `call'
rack (3.2.1) lib/rack/sendfile.rb:114:in `call'
actionpack (8.0.3) lib/action_dispatch/middleware/host_authorization.rb:143:in `call'
railties (8.0.3) lib/rails/engine.rb:535:in `call'
puma (7.0.4) lib/puma/configuration.rb:299:in `call'
puma (7.0.4) lib/puma/request.rb:101:in `block in handle_request'
puma (7.0.4) lib/puma/thread_pool.rb:346:in `with_force_shutdown'
puma (7.0.4) lib/puma/request.rb:100:in `handle_request'
puma (7.0.4) lib/puma/server.rb:506:in `process_client'
puma (7.0.4) lib/puma/server.rb:265:in `block in run'
puma (7.0.4) lib/puma/thread_pool.rb:173:in `block in spawn_thread'
  [1m[35m (0.2ms)[0m  [1m[34mSELECT pg_try_advisory_lock(7390401893748458655) /*application='Assignment'*/[0m
  [1m[36mActiveRecord::SchemaMigration Load (0.7ms)[0m  [1m[34mSELECT "schema_migrations"."version" FROM "schema_migrations" ORDER BY "schema_migrations"."version" ASC /*application='Assignment'*/[0m
  [1m[36mActiveRecord::InternalMetadata Load (1.1ms)[0m  [1m[34mSELECT * FROM "ar_internal_metadata" WHERE "ar_internal_metadata"."key" = 'environment' ORDER BY "ar_internal_metadata"."key" ASC LIMIT 1 /*application='Assignment'*/[0m
  [1m[36mActiveRecord::InternalMetadata Create (10.3ms)[0m  [1m[32mINSERT INTO "ar_internal_metadata" ("key", "value", "created_at", "updated_at") VALUES ('environment', 'development', '2025-10-02 00:01:59.702507', '2025-10-02 00:01:59.702512') RETURNING "key" /*application='Assignment'*/[0m
Migrating to CreateUsers (20251001235914)
  [1m[36mTRANSACTION (0.4ms)[0m  [1m[35mBEGIN /*application='Assignment'*/[0m
  [1m[35m (4.8ms)[0m  [1m[35mCREATE TABLE "users" ("id" bigserial primary key, "username" character varying, "email" character varying, "password" character varying, "role" character varying, "badges" integer, "created_at" timestamp(6) NOT NULL, "updated_at" timestamp(6) NOT NULL) /*application='Assignment'*/[0m
  [1m[36mActiveRecord::SchemaMigration Create (0.5ms)[0m  [1m[32mINSERT INTO "schema_migrations" ("version") VALUES ('20251001235914') RETURNING "version" /*application='Assignment'*/[0m
  [1m[36mTRANSACTION (1.9ms)[0m  [1m[35mCOMMIT /*application='Assignment'*/[0m
Migrating to CreateChallenges (20251001235922)
  [1m[36mTRANSACTION (0.3ms)[0m  [1m[35mBEGIN /*application='Assignment'*/[0m
  [1m[35m (4.8ms)[0m  [1m[35mCREATE TABLE "challenges" ("id" bigserial primary key, "goal" character varying, "name" character varying, "description" text, "categories" character varying, "start_date" date, "end_date" date, "creator_id" bigint NOT NULL, "created_at" timestamp(6) NOT NULL, "updated_at" timestamp(6) NOT NULL, CONSTRAINT "fk_rails_c04119a938"
FOREIGN KEY ("creator_id")
  REFERENCES "creators" ("id")
) /*application='Assignment'*/[0m
  [1m[36mTRANSACTION (0.3ms)[0m  [1m[31mROLLBACK /*application='Assignment'*/[0m
  [1m[35m (0.4ms)[0m  [1m[34mSELECT pg_advisory_unlock(7390401893748458655) /*application='Assignment'*/[0m
  [1m[35m (0.2ms)[0m  [1m[34mSELECT pg_try_advisory_lock(7390401893748458655) /*application='Assignment'*/[0m
  [1m[36mActiveRecord::SchemaMigration Load (1.0ms)[0m  [1m[34mSELECT "schema_migrations"."version" FROM "schema_migrations" ORDER BY "schema_migrations"."version" ASC /*application='Assignment'*/[0m
  [1m[36mActiveRecord::InternalMetadata Load (1.4ms)[0m  [1m[34mSELECT * FROM "ar_internal_metadata" WHERE "ar_internal_metadata"."key" = 'environment' ORDER BY "ar_internal_metadata"."key" ASC LIMIT 1 /*application='Assignment'*/[0m
Migrating to CreateChallenges (20251001235922)
  [1m[36mTRANSACTION (0.3ms)[0m  [1m[35mBEGIN /*application='Assignment'*/[0m
  [1m[35m (3.4ms)[0m  [1m[35mCREATE TABLE "challenges" ("id" bigserial primary key, "goal" character varying, "name" character varying, "description" text, "categories" character varying, "start_date" date, "end_date" date, "creator_id" bigint NOT NULL, "created_at" timestamp(6) NOT NULL, "updated_at" timestamp(6) NOT NULL, CONSTRAINT "fk_rails_c04119a938"
FOREIGN KEY ("creator_id")
  REFERENCES "creators" ("id")
) /*application='Assignment'*/[0m
  [1m[36mTRANSACTION (0.2ms)[0m  [1m[31mROLLBACK /*application='Assignment'*/[0m
  [1m[35m (0.4ms)[0m  [1m[34mSELECT pg_advisory_unlock(7390401893748458655) /*application='Assignment'*/[0m
  [1m[35m (0.3ms)[0m  [1m[34mSELECT pg_try_advisory_lock(7390401893748458655) /*application='Assignment'*/[0m
  [1m[36mActiveRecord::SchemaMigration Load (0.9ms)[0m  [1m[34mSELECT "schema_migrations"."version" FROM "schema_migrations" ORDER BY "schema_migrations"."version" ASC /*application='Assignment'*/[0m
  [1m[36mActiveRecord::InternalMetadata Load (1.0ms)[0m  [1m[34mSELECT * FROM "ar_internal_metadata" WHERE "ar_internal_metadata"."key" = 'environment' ORDER BY "ar_internal_metadata"."key" ASC LIMIT 1 /*application='Assignment'*/[0m
Migrating to CreateChallenges (20251001235922)
  [1m[36mTRANSACTION (0.4ms)[0m  [1m[35mBEGIN /*application='Assignment'*/[0m
  [1m[35m (3.9ms)[0m  [1m[35mCREATE TABLE "challenges" ("id" bigserial primary key, "goal" character varying, "name" character varying, "description" text, "categories" character varying, "start_date" date, "end_date" date, "creator_id" bigint NOT NULL, "created_at" timestamp(6) NOT NULL, "updated_at" timestamp(6) NOT NULL, CONSTRAINT "fk_rails_c04119a938"
FOREIGN KEY ("creator_id")
  REFERENCES "creators" ("id")
) /*application='Assignment'*/[0m
  [1m[36mTRANSACTION (0.3ms)[0m  [1m[31mROLLBACK /*application='Assignment'*/[0m
  [1m[35m (0.3ms)[0m  [1m[34mSELECT pg_advisory_unlock(7390401893748458655) /*application='Assignment'*/[0m
  [1m[35m (0.2ms)[0m  [1m[34mSELECT pg_try_advisory_lock(7390401893748458655) /*application='Assignment'*/[0m
  [1m[36mActiveRecord::SchemaMigration Load (0.8ms)[0m  [1m[34mSELECT "schema_migrations"."version" FROM "schema_migrations" ORDER BY "schema_migrations"."version" ASC /*application='Assignment'*/[0m
  [1m[36mActiveRecord::InternalMetadata Load (1.0ms)[0m  [1m[34mSELECT * FROM "ar_internal_metadata" WHERE "ar_internal_metadata"."key" = 'environment' ORDER BY "ar_internal_metadata"."key" ASC LIMIT 1 /*application='Assignment'*/[0m
Migrating to CreateChallenges (20251001235922)
  [1m[36mTRANSACTION (0.3ms)[0m  [1m[35mBEGIN /*application='Assignment'*/[0m
  [1m[35m (3.7ms)[0m  [1m[35mCREATE TABLE "challenges" ("id" bigserial primary key, "goal" character varying, "name" character varying, "description" text, "categories" character varying, "start_date" date, "end_date" date, "user_id" bigint NOT NULL, "created_at" timestamp(6) NOT NULL, "updated_at" timestamp(6) NOT NULL, CONSTRAINT "fk_rails_5ca53b9fd9"
FOREIGN KEY ("user_id")
  REFERENCES "users" ("id")
) /*application='Assignment'*/[0m
  [1m[35m (1.0ms)[0m  [1m[35mCREATE INDEX "index_challenges_on_user_id" ON "challenges" ("user_id") /*application='Assignment'*/[0m
  [1m[36mActiveRecord::SchemaMigration Create (0.5ms)[0m  [1m[32mINSERT INTO "schema_migrations" ("version") VALUES ('20251001235922') RETURNING "version" /*application='Assignment'*/[0m
  [1m[36mTRANSACTION (1.7ms)[0m  [1m[35mCOMMIT /*application='Assignment'*/[0m
Migrating to CreateProgresses (20251001235943)
  [1m[36mTRANSACTION (0.3ms)[0m  [1m[35mBEGIN /*application='Assignment'*/[0m
  [1m[35m (3.8ms)[0m  [1m[35mCREATE TABLE "progresses" ("id" bigserial primary key, "user_id" bigint NOT NULL, "challenge_id" bigint NOT NULL, "points_earned" integer, "update_frequency" character varying, "created_at" timestamp(6) NOT NULL, "updated_at" timestamp(6) NOT NULL, CONSTRAINT "fk_rails_bb5f2bd374"
FOREIGN KEY ("user_id")
  REFERENCES "users" ("id")
, CONSTRAINT "fk_rails_384f92b933"
FOREIGN KEY ("challenge_id")
  REFERENCES "challenges" ("id")
) /*application='Assignment'*/[0m
  [1m[35m (1.2ms)[0m  [1m[35mCREATE INDEX "index_progresses_on_user_id" ON "progresses" ("user_id") /*application='Assignment'*/[0m
  [1m[35m (0.7ms)[0m  [1m[35mCREATE INDEX "index_progresses_on_challenge_id" ON "progresses" ("challenge_id") /*application='Assignment'*/[0m
  [1m[36mActiveRecord::SchemaMigration Create (0.5ms)[0m  [1m[32mINSERT INTO "schema_migrations" ("version") VALUES ('20251001235943') RETURNING "version" /*application='Assignment'*/[0m
  [1m[36mTRANSACTION (1.8ms)[0m  [1m[35mCOMMIT /*application='Assignment'*/[0m
  [1m[35m (0.5ms)[0m  [1m[34mSELECT pg_advisory_unlock(7390401893748458655) /*application='Assignment'*/[0m
  [1m[36mActiveRecord::SchemaMigration Load (0.4ms)[0m  [1m[34mSELECT "schema_migrations"."version" FROM "schema_migrations" ORDER BY "schema_migrations"."version" ASC /*application='Assignment'*/[0m
Started GET "/" for ::1 at 2025-10-01 21:05:25 -0300
  [1m[36mActiveRecord::SchemaMigration Load (1.3ms)[0m  [1m[34mSELECT "schema_migrations"."version" FROM "schema_migrations" ORDER BY "schema_migrations"."version" ASC /*application='Assignment'*/[0m
Processing by Rails::WelcomeController#index as HTML
  Rendering /home/ignac/.rbenv/versions/3.2.0/lib/ruby/gems/3.2.0/gems/railties-8.0.3/lib/rails/templates/rails/welcome/index.html.erb
  Rendered /home/ignac/.rbenv/versions/3.2.0/lib/ruby/gems/3.2.0/gems/railties-8.0.3/lib/rails/templates/rails/welcome/index.html.erb (Duration: 0.6ms | GC: 0.0ms)
Completed 200 OK in 23ms (Views: 4.5ms | ActiveRecord: 0.0ms (0 queries, 0 cached) | GC: 0.0ms)


Started GET "/user" for ::1 at 2025-10-01 21:05:33 -0300
  
ActionController::RoutingError (No route matches [GET] "/user"):
  
Started GET "/favicon.ico" for ::1 at 2025-10-01 21:05:33 -0300
  
ActionController::RoutingError (No route matches [GET] "/favicon.ico"):
  
Started GET "/users" for ::1 at 2025-10-01 21:05:39 -0300
Processing by UsersController#index as HTML
  Rendering layout layouts/application.html.erb
  Rendering users/index.html.erb within layouts/application
  [1m[36mUser Load (13.2ms)[0m  [1m[34mSELECT "users".* FROM "users" /*action='index',application='Assignment',controller='users'*/[0m
  ↳ app/views/users/index.html.erb:8
  Rendered users/index.html.erb within layouts/application (Duration: 15.3ms | GC: 0.0ms)
  Rendered layout layouts/application.html.erb (Duration: 37.2ms | GC: 4.0ms)
Completed 200 OK in 103ms (Views: 19.8ms | ActiveRecord: 18.8ms (1 query, 0 cached) | GC: 4.0ms)


Started GET "/users/new" for ::1 at 2025-10-01 21:05:40 -0300
Processing by UsersController#new as HTML
  Rendering layout layouts/application.html.erb
  Rendering users/new.html.erb within layouts/application
  Rendered users/_form.html.erb (Duration: 18.8ms | GC: 0.4ms)
  Rendered users/new.html.erb within layouts/application (Duration: 20.2ms | GC: 0.4ms)
  Rendered layout layouts/application.html.erb (Duration: 20.7ms | GC: 0.4ms)
Completed 200 OK in 56ms (Views: 21.3ms | ActiveRecord: 17.7ms (0 queries, 0 cached) | GC: 1.8ms)


Started POST "/users" for ::1 at 2025-10-01 21:05:56 -0300
Processing by UsersController#create as TURBO_STREAM
  Parameters: {"authenticity_token"=>"[FILTERED]", "user"=>{"username"=>"hola", "email"=>"[FILTERED]", "password"=>"[FILTERED]", "role"=>"kk", "badges"=>"1"}, "commit"=>"Create User"}
  [1m[36mTRANSACTION (0.4ms)[0m  [1m[35mBEGIN /*action='create',application='Assignment',controller='users'*/[0m
  ↳ app/controllers/users_controller.rb:27:in `block in create'
  [1m[36mUser Create (2.7ms)[0m  [1m[32mINSERT INTO "users" ("username", "email", "password", "role", "badges", "created_at", "updated_at") VALUES ('hola', 'siuuu', 'aaa', 'kk', 1, '2025-10-02 00:05:56.771652', '2025-10-02 00:05:56.771652') RETURNING "id" /*action='create',application='Assignment',controller='users'*/[0m
  ↳ app/controllers/users_controller.rb:27:in `block in create'
  [1m[36mTRANSACTION (1.4ms)[0m  [1m[35mCOMMIT /*action='create',application='Assignment',controller='users'*/[0m
  ↳ app/controllers/users_controller.rb:27:in `block in create'
Redirected to http://localhost:3000/users/1
Completed 302 Found in 18ms (ActiveRecord: 4.3ms (1 query, 0 cached) | GC: 0.2ms)


Started GET "/users/1" for ::1 at 2025-10-01 21:05:56 -0300
Processing by UsersController#show as TURBO_STREAM
  Parameters: {"id"=>"1"}
  [1m[36mUser Load (0.6ms)[0m  [1m[34mSELECT "users".* FROM "users" WHERE "users"."id" = 1 LIMIT 1 /*action='show',application='Assignment',controller='users'*/[0m
  ↳ app/controllers/users_controller.rb:63:in `set_user'
  Rendering layout layouts/application.html.erb
  Rendering users/show.html.erb within layouts/application
  Rendered users/_user.html.erb (Duration: 0.4ms | GC: 0.0ms)
  Rendered users/show.html.erb within layouts/application (Duration: 4.2ms | GC: 0.0ms)
  Rendered layout layouts/application.html.erb (Duration: 4.8ms | GC: 0.0ms)
Completed 200 OK in 20ms (Views: 5.3ms | ActiveRecord: 0.6ms (1 query, 0 cached) | GC: 0.2ms)


Started GET "/users/1/edit" for ::1 at 2025-10-01 21:05:59 -0300
Processing by UsersController#edit as HTML
  Parameters: {"id"=>"1"}
  [1m[36mUser Load (1.1ms)[0m  [1m[34mSELECT "users".* FROM "users" WHERE "users"."id" = 1 LIMIT 1 /*action='edit',application='Assignment',controller='users'*/[0m
  ↳ app/controllers/users_controller.rb:63:in `set_user'
  Rendering layout layouts/application.html.erb
  Rendering users/edit.html.erb within layouts/application
  Rendered users/_form.html.erb (Duration: 1.9ms | GC: 0.0ms)
  Rendered users/edit.html.erb within layouts/application (Duration: 2.7ms | GC: 0.0ms)
  Rendered layout layouts/application.html.erb (Duration: 3.3ms | GC: 0.0ms)
Completed 200 OK in 22ms (Views: 3.7ms | ActiveRecord: 1.1ms (1 query, 0 cached) | GC: 0.0ms)


Started GET "/users" for ::1 at 2025-10-01 21:06:00 -0300
Processing by UsersController#index as HTML
  Rendering layout layouts/application.html.erb
  Rendering users/index.html.erb within layouts/application
  [1m[36mUser Load (0.5ms)[0m  [1m[34mSELECT "users".* FROM "users" /*action='index',application='Assignment',controller='users'*/[0m
  ↳ app/views/users/index.html.erb:8
  Rendered users/_user.html.erb (Duration: 0.1ms | GC: 0.0ms)
  Rendered users/index.html.erb within layouts/application (Duration: 2.6ms | GC: 0.0ms)
  Rendered layout layouts/application.html.erb (Duration: 3.3ms | GC: 0.0ms)
Completed 200 OK in 13ms (Views: 3.3ms | ActiveRecord: 0.4ms (1 query, 0 cached) | GC: 0.0ms)


Started GET "/users/new" for ::1 at 2025-10-01 21:06:04 -0300
Processing by UsersController#new as HTML
  Rendering layout layouts/application.html.erb
  Rendering users/new.html.erb within layouts/application
  Rendered users/_form.html.erb (Duration: 2.0ms | GC: 0.4ms)
  Rendered users/new.html.erb within layouts/application (Duration: 2.5ms | GC: 0.4ms)
  Rendered layout layouts/application.html.erb (Duration: 3.1ms | GC: 0.4ms)
Completed 200 OK in 12ms (Views: 3.5ms | ActiveRecord: 0.0ms (0 queries, 0 cached) | GC: 0.4ms)


Started GET "/users/new" for ::1 at 2025-10-01 21:06:06 -0300
Processing by UsersController#new as HTML
  Rendering layout layouts/application.html.erb
  Rendering users/new.html.erb within layouts/application
  Rendered users/_form.html.erb (Duration: 1.3ms | GC: 0.0ms)
  Rendered users/new.html.erb within layouts/application (Duration: 1.6ms | GC: 0.0ms)
  Rendered layout layouts/application.html.erb (Duration: 2.2ms | GC: 0.0ms)
Completed 200 OK in 11ms (Views: 2.6ms | ActiveRecord: 0.0ms (0 queries, 0 cached) | GC: 0.0ms)


Started POST "/users" for ::1 at 2025-10-01 21:06:13 -0300
Processing by UsersController#create as TURBO_STREAM
  Parameters: {"authenticity_token"=>"[FILTERED]", "user"=>{"username"=>"dasf", "email"=>"[FILTERED]", "password"=>"[FILTERED]", "role"=>"fdsf", "badges"=>"12"}, "commit"=>"Create User"}
  [1m[36mTRANSACTION (0.5ms)[0m  [1m[35mBEGIN /*action='create',application='Assignment',controller='users'*/[0m
  ↳ app/controllers/users_controller.rb:27:in `block in create'
  [1m[36mUser Create (2.0ms)[0m  [1m[32mINSERT INTO "users" ("username", "email", "password", "role", "badges", "created_at", "updated_at") VALUES ('dasf', 'fdsf', 'fdsf', 'fdsf', 12, '2025-10-02 00:06:13.921223', '2025-10-02 00:06:13.921223') RETURNING "id" /*action='create',application='Assignment',controller='users'*/[0m
  ↳ app/controllers/users_controller.rb:27:in `block in create'
  [1m[36mTRANSACTION (1.5ms)[0m  [1m[35mCOMMIT /*action='create',application='Assignment',controller='users'*/[0m
  ↳ app/controllers/users_controller.rb:27:in `block in create'
Redirected to http://localhost:3000/users/2
Completed 302 Found in 15ms (ActiveRecord: 3.9ms (1 query, 0 cached) | GC: 0.0ms)


Started GET "/users/2" for ::1 at 2025-10-01 21:06:13 -0300
Processing by UsersController#show as TURBO_STREAM
  Parameters: {"id"=>"2"}
  [1m[36mUser Load (0.5ms)[0m  [1m[34mSELECT "users".* FROM "users" WHERE "users"."id" = 2 LIMIT 1 /*action='show',application='Assignment',controller='users'*/[0m
  ↳ app/controllers/users_controller.rb:63:in `set_user'
  Rendering layout layouts/application.html.erb
  Rendering users/show.html.erb within layouts/application
  Rendered users/_user.html.erb (Duration: 0.1ms | GC: 0.0ms)
  Rendered users/show.html.erb within layouts/application (Duration: 0.9ms | GC: 0.0ms)
  Rendered layout layouts/application.html.erb (Duration: 1.4ms | GC: 0.0ms)
Completed 200 OK in 12ms (Views: 1.7ms | ActiveRecord: 0.5ms (1 query, 0 cached) | GC: 0.0ms)


Started GET "/users" for ::1 at 2025-10-01 21:06:17 -0300
Processing by UsersController#index as HTML
  Rendering layout layouts/application.html.erb
  Rendering users/index.html.erb within layouts/application
  [1m[36mUser Load (0.4ms)[0m  [1m[34mSELECT "users".* FROM "users" /*action='index',application='Assignment',controller='users'*/[0m
  ↳ app/views/users/index.html.erb:8
  Rendered users/_user.html.erb (Duration: 0.1ms | GC: 0.0ms)
  Rendered users/_user.html.erb (Duration: 0.0ms | GC: 0.0ms)
  Rendered users/index.html.erb within layouts/application (Duration: 2.5ms | GC: 0.0ms)
  Rendered layout layouts/application.html.erb (Duration: 3.1ms | GC: 0.0ms)
Completed 200 OK in 12ms (Views: 3.0ms | ActiveRecord: 0.4ms (1 query, 0 cached) | GC: 0.0ms)


Started GET "/" for ::1 at 2025-10-01 21:10:49 -0300
Processing by Rails::WelcomeController#index as HTML
  Rendering /home/ignac/.rbenv/versions/3.2.0/lib/ruby/gems/3.2.0/gems/railties-8.0.3/lib/rails/templates/rails/welcome/index.html.erb
  Rendered /home/ignac/.rbenv/versions/3.2.0/lib/ruby/gems/3.2.0/gems/railties-8.0.3/lib/rails/templates/rails/welcome/index.html.erb (Duration: 0.7ms | GC: 0.0ms)
Completed 200 OK in 13ms (Views: 3.0ms | ActiveRecord: 0.0ms (0 queries, 0 cached) | GC: 0.0ms)


Started GET "/users" for ::1 at 2025-10-01 21:10:58 -0300
Processing by UsersController#index as HTML
  Rendering layout layouts/application.html.erb
  Rendering users/index.html.erb within layouts/application
  [1m[36mUser Load (3.2ms)[0m  [1m[34mSELECT "users".* FROM "users" /*action='index',application='Assignment',controller='users'*/[0m
  ↳ app/views/users/index.html.erb:8
  Rendered users/_user.html.erb (Duration: 0.5ms | GC: 0.0ms)
  Rendered users/_user.html.erb (Duration: 0.1ms | GC: 0.0ms)
  Rendered users/index.html.erb within layouts/application (Duration: 12.9ms | GC: 0.0ms)
  Rendered layout layouts/application.html.erb (Duration: 15.7ms | GC: 0.0ms)
Completed 200 OK in 27ms (Views: 13.4ms | ActiveRecord: 3.1ms (1 query, 0 cached) | GC: 0.0ms)


Started GET "/users" for ::1 at 2025-10-01 21:15:04 -0300
Processing by UsersController#index as HTML
  Rendering layout layouts/application.html.erb
  Rendering users/index.html.erb within layouts/application
  [1m[36mUser Load (1.0ms)[0m  [1m[34mSELECT "users".* FROM "users" /*action='index',application='Assignment',controller='users'*/[0m
  ↳ app/views/users/index.html.erb:8
  Rendered users/_user.html.erb (Duration: 0.4ms | GC: 0.0ms)
  Rendered users/_user.html.erb (Duration: 0.0ms | GC: 0.0ms)
  Rendered users/index.html.erb within layouts/application (Duration: 15.9ms | GC: 0.2ms)
  Rendered layout layouts/application.html.erb (Duration: 17.1ms | GC: 0.2ms)
Completed 200 OK in 30ms (Views: 11.9ms | ActiveRecord: 6.7ms (1 query, 0 cached) | GC: 0.6ms)


Started GET "/users" for ::1 at 2025-10-01 21:15:05 -0300
Processing by UsersController#index as HTML
  Rendering layout layouts/application.html.erb
  Rendering users/index.html.erb within layouts/application
  [1m[36mUser Load (0.4ms)[0m  [1m[34mSELECT "users".* FROM "users" /*action='index',application='Assignment',controller='users'*/[0m
  ↳ app/views/users/index.html.erb:8
  Rendered users/_user.html.erb (Duration: 0.1ms | GC: 0.0ms)
  Rendered users/_user.html.erb (Duration: 0.1ms | GC: 0.0ms)
  Rendered users/index.html.erb within layouts/application (Duration: 2.9ms | GC: 0.0ms)
  Rendered layout layouts/application.html.erb (Duration: 3.5ms | GC: 0.0ms)
Completed 200 OK in 13ms (Views: 3.5ms | ActiveRecord: 0.4ms (1 query, 0 cached) | GC: 0.0ms)


Started GET "/" for ::1 at 2025-10-01 21:15:10 -0300
  
ActionController::RoutingError (uninitialized constant EntriesController)
Caused by: ActionDispatch::MissingController (uninitialized constant EntriesController)
Caused by: NameError (uninitialized constant EntriesController)

Information for: ActionController::RoutingError (uninitialized constant EntriesController):
  

Information for cause: ActionDispatch::MissingController (uninitialized constant EntriesController):
  
actionpack (8.0.3) lib/action_dispatch/http/request.rb:102:in `rescue in controller_class_for'
actionpack (8.0.3) lib/action_dispatch/http/request.rb:98:in `controller_class_for'
actionpack (8.0.3) lib/action_dispatch/http/request.rb:91:in `controller_class'
actionpack (8.0.3) lib/action_dispatch/routing/route_set.rb:61:in `controller'
actionpack (8.0.3) lib/action_dispatch/routing/route_set.rb:48:in `serve'
actionpack (8.0.3) lib/action_dispatch/journey/router.rb:53:in `block in serve'
actionpack (8.0.3) lib/action_dispatch/journey/router.rb:133:in `block in find_routes'
actionpack (8.0.3) lib/action_dispatch/journey/router.rb:126:in `each'
actionpack (8.0.3) lib/action_dispatch/journey/router.rb:126:in `find_routes'
actionpack (8.0.3) lib/action_dispatch/journey/router.rb:34:in `serve'
actionpack (8.0.3) lib/action_dispatch/routing/route_set.rb:908:in `call'
railties (8.0.3) lib/rails/engine/lazy_route_set.rb:60:in `call'
rack (3.2.1) lib/rack/tempfile_reaper.rb:20:in `call'
rack (3.2.1) lib/rack/etag.rb:29:in `call'
rack (3.2.1) lib/rack/conditional_get.rb:31:in `call'
rack (3.2.1) lib/rack/head.rb:15:in `call'
actionpack (8.0.3) lib/action_dispatch/http/permissions_policy.rb:38:in `call'
actionpack (8.0.3) lib/action_dispatch/http/content_security_policy.rb:38:in `call'
rack-session (2.1.1) lib/rack/session/abstract/id.rb:274:in `context'
rack-session (2.1.1) lib/rack/session/abstract/id.rb:268:in `call'
actionpack (8.0.3) lib/action_dispatch/middleware/cookies.rb:706:in `call'
activerecord (8.0.3) lib/active_record/migration.rb:670:in `call'
actionpack (8.0.3) lib/action_dispatch/middleware/callbacks.rb:31:in `block in call'
activesupport (8.0.3) lib/active_support/callbacks.rb:100:in `run_callbacks'
actionpack (8.0.3) lib/action_dispatch/middleware/callbacks.rb:30:in `call'
actionpack (8.0.3) lib/action_dispatch/middleware/executor.rb:16:in `call'
actionpack (8.0.3) lib/action_dispatch/middleware/actionable_exceptions.rb:18:in `call'
actionpack (8.0.3) lib/action_dispatch/middleware/debug_exceptions.rb:31:in `call'
web-console (4.2.1) lib/web_console/middleware.rb:132:in `call_app'
web-console (4.2.1) lib/web_console/middleware.rb:28:in `block in call'
web-console (4.2.1) lib/web_console/middleware.rb:17:in `catch'
web-console (4.2.1) lib/web_console/middleware.rb:17:in `call'
actionpack (8.0.3) lib/action_dispatch/middleware/show_exceptions.rb:32:in `call'
railties (8.0.3) lib/rails/rack/logger.rb:41:in `call_app'
railties (8.0.3) lib/rails/rack/logger.rb:29:in `call'
actionpack (8.0.3) lib/action_dispatch/middleware/remote_ip.rb:96:in `call'
actionpack (8.0.3) lib/action_dispatch/middleware/request_id.rb:34:in `call'
rack (3.2.1) lib/rack/method_override.rb:28:in `call'
rack (3.2.1) lib/rack/runtime.rb:24:in `call'
actionpack (8.0.3) lib/action_dispatch/middleware/server_timing.rb:61:in `block in call'
actionpack (8.0.3) lib/action_dispatch/middleware/server_timing.rb:26:in `collect_events'
actionpack (8.0.3) lib/action_dispatch/middleware/server_timing.rb:60:in `call'
actionpack (8.0.3) lib/action_dispatch/middleware/executor.rb:16:in `call'
propshaft (1.3.1) lib/propshaft/server.rb:37:in `call'
actionpack (8.0.3) lib/action_dispatch/middleware/static.rb:27:in `call'
rack (3.2.1) lib/rack/sendfile.rb:114:in `call'
actionpack (8.0.3) lib/action_dispatch/middleware/host_authorization.rb:143:in `call'
railties (8.0.3) lib/rails/engine.rb:535:in `call'
puma (7.0.4) lib/puma/configuration.rb:299:in `call'
puma (7.0.4) lib/puma/request.rb:101:in `block in handle_request'
puma (7.0.4) lib/puma/thread_pool.rb:346:in `with_force_shutdown'
puma (7.0.4) lib/puma/request.rb:100:in `handle_request'
puma (7.0.4) lib/puma/server.rb:506:in `process_client'
puma (7.0.4) lib/puma/server.rb:265:in `block in run'
puma (7.0.4) lib/puma/thread_pool.rb:173:in `block in spawn_thread'

Information for cause: NameError (uninitialized constant EntriesController):
  
activesupport (8.0.3) lib/active_support/inflector/methods.rb:290:in `constantize'
activesupport (8.0.3) lib/active_support/core_ext/string/inflections.rb:74:in `constantize'
actionpack (8.0.3) lib/action_dispatch/http/request.rb:99:in `controller_class_for'
actionpack (8.0.3) lib/action_dispatch/http/request.rb:91:in `controller_class'
actionpack (8.0.3) lib/action_dispatch/routing/route_set.rb:61:in `controller'
actionpack (8.0.3) lib/action_dispatch/routing/route_set.rb:48:in `serve'
actionpack (8.0.3) lib/action_dispatch/journey/router.rb:53:in `block in serve'
actionpack (8.0.3) lib/action_dispatch/journey/router.rb:133:in `block in find_routes'
actionpack (8.0.3) lib/action_dispatch/journey/router.rb:126:in `each'
actionpack (8.0.3) lib/action_dispatch/journey/router.rb:126:in `find_routes'
actionpack (8.0.3) lib/action_dispatch/journey/router.rb:34:in `serve'
actionpack (8.0.3) lib/action_dispatch/routing/route_set.rb:908:in `call'
railties (8.0.3) lib/rails/engine/lazy_route_set.rb:60:in `call'
rack (3.2.1) lib/rack/tempfile_reaper.rb:20:in `call'
rack (3.2.1) lib/rack/etag.rb:29:in `call'
rack (3.2.1) lib/rack/conditional_get.rb:31:in `call'
rack (3.2.1) lib/rack/head.rb:15:in `call'
actionpack (8.0.3) lib/action_dispatch/http/permissions_policy.rb:38:in `call'
actionpack (8.0.3) lib/action_dispatch/http/content_security_policy.rb:38:in `call'
rack-session (2.1.1) lib/rack/session/abstract/id.rb:274:in `context'
rack-session (2.1.1) lib/rack/session/abstract/id.rb:268:in `call'
actionpack (8.0.3) lib/action_dispatch/middleware/cookies.rb:706:in `call'
activerecord (8.0.3) lib/active_record/migration.rb:670:in `call'
actionpack (8.0.3) lib/action_dispatch/middleware/callbacks.rb:31:in `block in call'
activesupport (8.0.3) lib/active_support/callbacks.rb:100:in `run_callbacks'
actionpack (8.0.3) lib/action_dispatch/middleware/callbacks.rb:30:in `call'
actionpack (8.0.3) lib/action_dispatch/middleware/executor.rb:16:in `call'
actionpack (8.0.3) lib/action_dispatch/middleware/actionable_exceptions.rb:18:in `call'
actionpack (8.0.3) lib/action_dispatch/middleware/debug_exceptions.rb:31:in `call'
web-console (4.2.1) lib/web_console/middleware.rb:132:in `call_app'
web-console (4.2.1) lib/web_console/middleware.rb:28:in `block in call'
web-console (4.2.1) lib/web_console/middleware.rb:17:in `catch'
web-console (4.2.1) lib/web_console/middleware.rb:17:in `call'
actionpack (8.0.3) lib/action_dispatch/middleware/show_exceptions.rb:32:in `call'
railties (8.0.3) lib/rails/rack/logger.rb:41:in `call_app'
railties (8.0.3) lib/rails/rack/logger.rb:29:in `call'
actionpack (8.0.3) lib/action_dispatch/middleware/remote_ip.rb:96:in `call'
actionpack (8.0.3) lib/action_dispatch/middleware/request_id.rb:34:in `call'
rack (3.2.1) lib/rack/method_override.rb:28:in `call'
rack (3.2.1) lib/rack/runtime.rb:24:in `call'
actionpack (8.0.3) lib/action_dispatch/middleware/server_timing.rb:61:in `block in call'
actionpack (8.0.3) lib/action_dispatch/middleware/server_timing.rb:26:in `collect_events'
actionpack (8.0.3) lib/action_dispatch/middleware/server_timing.rb:60:in `call'
actionpack (8.0.3) lib/action_dispatch/middleware/executor.rb:16:in `call'
propshaft (1.3.1) lib/propshaft/server.rb:37:in `call'
actionpack (8.0.3) lib/action_dispatch/middleware/static.rb:27:in `call'
rack (3.2.1) lib/rack/sendfile.rb:114:in `call'
actionpack (8.0.3) lib/action_dispatch/middleware/host_authorization.rb:143:in `call'
railties (8.0.3) lib/rails/engine.rb:535:in `call'
puma (7.0.4) lib/puma/configuration.rb:299:in `call'
puma (7.0.4) lib/puma/request.rb:101:in `block in handle_request'
puma (7.0.4) lib/puma/thread_pool.rb:346:in `with_force_shutdown'
puma (7.0.4) lib/puma/request.rb:100:in `handle_request'
puma (7.0.4) lib/puma/server.rb:506:in `process_client'
puma (7.0.4) lib/puma/server.rb:265:in `block in run'
puma (7.0.4) lib/puma/thread_pool.rb:173:in `block in spawn_thread'
Started GET "/favicon.ico" for ::1 at 2025-10-01 21:15:10 -0300
  
ActionController::RoutingError (No route matches [GET] "/favicon.ico"):
  
Started GET "/" for ::1 at 2025-10-01 21:17:18 -0300
Processing by UsersController#index as HTML
  Rendering layout layouts/application.html.erb
  Rendering users/index.html.erb within layouts/application
  [1m[36mUser Load (0.4ms)[0m  [1m[34mSELECT "users".* FROM "users" /*action='index',application='Assignment',controller='users'*/[0m
  ↳ app/views/users/index.html.erb:8
  Rendered users/_user.html.erb (Duration: 0.3ms | GC: 0.0ms)
  Rendered users/_user.html.erb (Duration: 0.0ms | GC: 0.0ms)
  Rendered users/index.html.erb within layouts/application (Duration: 8.9ms | GC: 0.0ms)
  Rendered layout layouts/application.html.erb (Duration: 10.0ms | GC: 0.0ms)
Completed 200 OK in 21ms (Views: 8.0ms | ActiveRecord: 3.2ms (1 query, 0 cached) | GC: 0.0ms)


Started GET "/" for ::1 at 2025-10-01 21:17:26 -0300
Processing by UsersController#index as HTML
  Rendering layout layouts/application.html.erb
  Rendering users/index.html.erb within layouts/application
  [1m[36mUser Load (0.5ms)[0m  [1m[34mSELECT "users".* FROM "users" /*action='index',application='Assignment',controller='users'*/[0m
  ↳ app/views/users/index.html.erb:8
  Rendered users/_user.html.erb (Duration: 0.1ms | GC: 0.0ms)
  Rendered users/_user.html.erb (Duration: 0.0ms | GC: 0.0ms)
  Rendered users/index.html.erb within layouts/application (Duration: 2.5ms | GC: 0.0ms)
  Rendered layout layouts/application.html.erb (Duration: 3.1ms | GC: 0.0ms)
Completed 200 OK in 12ms (Views: 3.0ms | ActiveRecord: 0.4ms (1 query, 0 cached) | GC: 0.0ms)


Started GET "/" for ::1 at 2025-10-01 21:17:40 -0300
Processing by Rails::WelcomeController#index as HTML
  Rendering /home/ignac/.rbenv/versions/3.2.0/lib/ruby/gems/3.2.0/gems/railties-8.0.3/lib/rails/templates/rails/welcome/index.html.erb
  Rendered /home/ignac/.rbenv/versions/3.2.0/lib/ruby/gems/3.2.0/gems/railties-8.0.3/lib/rails/templates/rails/welcome/index.html.erb (Duration: 0.8ms | GC: 0.0ms)
Completed 200 OK in 11ms (Views: 1.7ms | ActiveRecord: 0.0ms (0 queries, 0 cached) | GC: 0.0ms)


Started GET "/" for ::1 at 2025-10-01 21:17:56 -0300
Processing by UsersController#index as HTML
  Rendering layout layouts/application.html.erb
  Rendering users/index.html.erb within layouts/application
  [1m[36mUser Load (0.4ms)[0m  [1m[34mSELECT "users".* FROM "users" /*action='index',application='Assignment',controller='users'*/[0m
  ↳ app/views/users/index.html.erb:8
  Rendered users/_user.html.erb (Duration: 0.3ms | GC: 0.0ms)
  Rendered users/_user.html.erb (Duration: 0.0ms | GC: 0.0ms)
  Rendered users/index.html.erb within layouts/application (Duration: 8.3ms | GC: 0.0ms)
  Rendered layout layouts/application.html.erb (Duration: 10.1ms | GC: 0.0ms)
Completed 200 OK in 21ms (Views: 8.6ms | ActiveRecord: 2.5ms (1 query, 0 cached) | GC: 0.0ms)


  [1m[36mActiveRecord::SchemaMigration Load (1.4ms)[0m  [1m[34mSELECT "schema_migrations"."version" FROM "schema_migrations" ORDER BY "schema_migrations"."version" ASC /*application='Assignment'*/[0m
  [1m[36mProgress Load (2.5ms)[0m  [1m[34mSELECT "progresses".* FROM "progresses" /*application='Assignment'*/[0m
  [1m[36mChallenge Load (1.6ms)[0m  [1m[34mSELECT "challenges".* FROM "challenges" /*application='Assignment'*/[0m
  [1m[36mUser Load (0.5ms)[0m  [1m[34mSELECT "users".* FROM "users" /*application='Assignment'*/[0m
  [1m[36mTRANSACTION (0.4ms)[0m  [1m[35mBEGIN /*application='Assignment'*/[0m
  [1m[36mUser Destroy (3.0ms)[0m  [1m[31mDELETE FROM "users" WHERE "users"."id" = 1 /*application='Assignment'*/[0m
  [1m[36mTRANSACTION (1.8ms)[0m  [1m[35mCOMMIT /*application='Assignment'*/[0m
  [1m[36mTRANSACTION (0.3ms)[0m  [1m[35mBEGIN /*application='Assignment'*/[0m
  [1m[36mUser Destroy (2.1ms)[0m  [1m[31mDELETE FROM "users" WHERE "users"."id" = 2 /*application='Assignment'*/[0m
  [1m[36mTRANSACTION (1.6ms)[0m  [1m[35mCOMMIT /*application='Assignment'*/[0m
  [1m[36mTRANSACTION (0.2ms)[0m  [1m[35mBEGIN /*application='Assignment'*/[0m
  [1m[36mUser Create (1.9ms)[0m  [1m[32mINSERT INTO "users" ("username", "email", "password", "role", "badges", "created_at", "updated_at") VALUES ('ana_fit', 'ana@example.com', 'password123', 'user', 2, '2025-10-02 00:22:45.544647', '2025-10-02 00:22:45.544647') RETURNING "id" /*application='Assignment'*/[0m
  [1m[36mTRANSACTION (1.7ms)[0m  [1m[35mCOMMIT /*application='Assignment'*/[0m
  [1m[36mTRANSACTION (0.2ms)[0m  [1m[35mBEGIN /*application='Assignment'*/[0m
  [1m[36mUser Create (2.1ms)[0m  [1m[32mINSERT INTO "users" ("username", "email", "password", "role", "badges", "created_at", "updated_at") VALUES ('carlos_runner', 'carlos@example.com', 'password123', 'user', 5, '2025-10-02 00:22:45.551320', '2025-10-02 00:22:45.551320') RETURNING "id" /*application='Assignment'*/[0m
  [1m[36mTRANSACTION (2.2ms)[0m  [1m[35mCOMMIT /*application='Assignment'*/[0m
  [1m[36mTRANSACTION (0.2ms)[0m  [1m[35mBEGIN /*application='Assignment'*/[0m
  [1m[36mUser Create (1.9ms)[0m  [1m[32mINSERT INTO "users" ("username", "email", "password", "role", "badges", "created_at", "updated_at") VALUES ('admin_pro', 'admin@example.com', 'adminpass', 'admin', 10, '2025-10-02 00:22:45.558339', '2025-10-02 00:22:45.558339') RETURNING "id" /*application='Assignment'*/[0m
  [1m[36mTRANSACTION (2.1ms)[0m  [1m[35mCOMMIT /*application='Assignment'*/[0m
  [1m[36mActiveRecord::SchemaMigration Load (1.0ms)[0m  [1m[34mSELECT "schema_migrations"."version" FROM "schema_migrations" ORDER BY "schema_migrations"."version" ASC /*application='Assignment'*/[0m
  [1m[36mProgress Load (1.3ms)[0m  [1m[34mSELECT "progresses".* FROM "progresses" /*application='Assignment'*/[0m
  [1m[36mChallenge Load (0.7ms)[0m  [1m[34mSELECT "challenges".* FROM "challenges" /*application='Assignment'*/[0m
  [1m[36mUser Load (0.6ms)[0m  [1m[34mSELECT "users".* FROM "users" /*application='Assignment'*/[0m
  [1m[36mTRANSACTION (0.4ms)[0m  [1m[35mBEGIN /*application='Assignment'*/[0m
  [1m[36mUser Destroy (2.2ms)[0m  [1m[31mDELETE FROM "users" WHERE "users"."id" = 3 /*application='Assignment'*/[0m
  [1m[36mTRANSACTION (1.9ms)[0m  [1m[35mCOMMIT /*application='Assignment'*/[0m
  [1m[36mTRANSACTION (0.2ms)[0m  [1m[35mBEGIN /*application='Assignment'*/[0m
  [1m[36mUser Destroy (1.9ms)[0m  [1m[31mDELETE FROM "users" WHERE "users"."id" = 4 /*application='Assignment'*/[0m
  [1m[36mTRANSACTION (1.2ms)[0m  [1m[35mCOMMIT /*application='Assignment'*/[0m
  [1m[36mTRANSACTION (0.2ms)[0m  [1m[35mBEGIN /*application='Assignment'*/[0m
  [1m[36mUser Destroy (1.5ms)[0m  [1m[31mDELETE FROM "users" WHERE "users"."id" = 5 /*application='Assignment'*/[0m
  [1m[36mTRANSACTION (1.5ms)[0m  [1m[35mCOMMIT /*application='Assignment'*/[0m
  [1m[36mTRANSACTION (0.3ms)[0m  [1m[35mBEGIN /*application='Assignment'*/[0m
  [1m[36mUser Create (2.1ms)[0m  [1m[32mINSERT INTO "users" ("username", "email", "password", "role", "badges", "created_at", "updated_at") VALUES ('ana_fit', 'ana@example.com', 'password123', 'user', 2, '2025-10-02 00:23:45.742890', '2025-10-02 00:23:45.742890') RETURNING "id" /*application='Assignment'*/[0m
  [1m[36mTRANSACTION (1.3ms)[0m  [1m[35mCOMMIT /*application='Assignment'*/[0m
  [1m[36mTRANSACTION (0.2ms)[0m  [1m[35mBEGIN /*application='Assignment'*/[0m
  [1m[36mUser Create (1.9ms)[0m  [1m[32mINSERT INTO "users" ("username", "email", "password", "role", "badges", "created_at", "updated_at") VALUES ('carlos_runner', 'carlos@example.com', 'password123', 'user', 5, '2025-10-02 00:23:45.749330', '2025-10-02 00:23:45.749330') RETURNING "id" /*application='Assignment'*/[0m
  [1m[36mTRANSACTION (1.3ms)[0m  [1m[35mCOMMIT /*application='Assignment'*/[0m
  [1m[36mTRANSACTION (0.3ms)[0m  [1m[35mBEGIN /*application='Assignment'*/[0m
  [1m[36mUser Create (1.6ms)[0m  [1m[32mINSERT INTO "users" ("username", "email", "password", "role", "badges", "created_at", "updated_at") VALUES ('admin_pro', 'admin@example.com', 'adminpass', 'admin', 10, '2025-10-02 00:23:45.754951', '2025-10-02 00:23:45.754951') RETURNING "id" /*application='Assignment'*/[0m
  [1m[36mTRANSACTION (1.4ms)[0m  [1m[35mCOMMIT /*application='Assignment'*/[0m
  [1m[36mActiveRecord::SchemaMigration Load (1.2ms)[0m  [1m[34mSELECT "schema_migrations"."version" FROM "schema_migrations" ORDER BY "schema_migrations"."version" ASC /*application='Assignment'*/[0m
  [1m[36mProgress Load (1.1ms)[0m  [1m[34mSELECT "progresses".* FROM "progresses" /*application='Assignment'*/[0m
  [1m[36mChallenge Load (0.6ms)[0m  [1m[34mSELECT "challenges".* FROM "challenges" /*application='Assignment'*/[0m
  [1m[36mUser Load (0.6ms)[0m  [1m[34mSELECT "users".* FROM "users" /*application='Assignment'*/[0m
  [1m[36mTRANSACTION (0.5ms)[0m  [1m[35mBEGIN /*application='Assignment'*/[0m
  [1m[36mUser Destroy (2.3ms)[0m  [1m[31mDELETE FROM "users" WHERE "users"."id" = 6 /*application='Assignment'*/[0m
  [1m[36mTRANSACTION (1.7ms)[0m  [1m[35mCOMMIT /*application='Assignment'*/[0m
  [1m[36mTRANSACTION (0.2ms)[0m  [1m[35mBEGIN /*application='Assignment'*/[0m
  [1m[36mUser Destroy (1.9ms)[0m  [1m[31mDELETE FROM "users" WHERE "users"."id" = 7 /*application='Assignment'*/[0m
  [1m[36mTRANSACTION (1.5ms)[0m  [1m[35mCOMMIT /*application='Assignment'*/[0m
  [1m[36mTRANSACTION (0.4ms)[0m  [1m[35mBEGIN /*application='Assignment'*/[0m
  [1m[36mUser Destroy (2.2ms)[0m  [1m[31mDELETE FROM "users" WHERE "users"."id" = 8 /*application='Assignment'*/[0m
  [1m[36mTRANSACTION (1.8ms)[0m  [1m[35mCOMMIT /*application='Assignment'*/[0m
  [1m[36mTRANSACTION (0.3ms)[0m  [1m[35mBEGIN /*application='Assignment'*/[0m
  [1m[36mUser Create (2.3ms)[0m  [1m[32mINSERT INTO "users" ("username", "email", "password", "role", "badges", "created_at", "updated_at") VALUES ('ana_fit', 'ana@example.com', 'password123', 'user', 2, '2025-10-02 00:25:13.806027', '2025-10-02 00:25:13.806027') RETURNING "id" /*application='Assignment'*/[0m
  [1m[36mTRANSACTION (1.5ms)[0m  [1m[35mCOMMIT /*application='Assignment'*/[0m
  [1m[36mTRANSACTION (0.2ms)[0m  [1m[35mBEGIN /*application='Assignment'*/[0m
  [1m[36mUser Create (1.4ms)[0m  [1m[32mINSERT INTO "users" ("username", "email", "password", "role", "badges", "created_at", "updated_at") VALUES ('carlos_runner', 'carlos@example.com', 'password123', 'user', 5, '2025-10-02 00:25:13.813068', '2025-10-02 00:25:13.813068') RETURNING "id" /*application='Assignment'*/[0m
  [1m[36mTRANSACTION (1.6ms)[0m  [1m[35mCOMMIT /*application='Assignment'*/[0m
  [1m[36mTRANSACTION (0.2ms)[0m  [1m[35mBEGIN /*application='Assignment'*/[0m
  [1m[36mUser Create (3.2ms)[0m  [1m[32mINSERT INTO "users" ("username", "email", "password", "role", "badges", "created_at", "updated_at") VALUES ('admin_pro', 'admin@example.com', 'adminpass', 'admin', 10, '2025-10-02 00:25:13.818725', '2025-10-02 00:25:13.818725') RETURNING "id" /*application='Assignment'*/[0m
  [1m[36mTRANSACTION (1.5ms)[0m  [1m[35mCOMMIT /*application='Assignment'*/[0m
  [1m[36mTRANSACTION (0.3ms)[0m  [1m[35mBEGIN /*application='Assignment'*/[0m
  [1m[36mChallenge Create (3.6ms)[0m  [1m[32mINSERT INTO "challenges" ("goal", "name", "description", "categories", "start_date", "end_date", "user_id", "created_at", "updated_at") VALUES ('Correr 42 kilómetros en un mes', 'Reto Maratón Mensual', 'Acumula kilómetros en cada carrera hasta alcanzar la meta de una maratón.', 'Fitness, Running', '2025-10-01', '2025-10-31', 11, '2025-10-02 00:25:13.837532', '2025-10-02 00:25:13.837532') RETURNING "id" /*application='Assignment'*/[0m
  [1m[36mTRANSACTION (1.4ms)[0m  [1m[35mCOMMIT /*application='Assignment'*/[0m
  [1m[36mTRANSACTION (0.2ms)[0m  [1m[35mBEGIN /*application='Assignment'*/[0m
  [1m[36mChallenge Create (1.9ms)[0m  [1m[32mINSERT INTO "challenges" ("goal", "name", "description", "categories", "start_date", "end_date", "user_id", "created_at", "updated_at") VALUES ('Leer 3 libros en 30 días', 'Club de Lectura Intensivo', 'Expande tu mente y devora tres libros de tu elección este mes.', 'Educación, Desarrollo Personal', '2025-09-16', '2025-10-16', 9, '2025-10-02 00:25:13.846289', '2025-10-02 00:25:13.846289') RETURNING "id" /*application='Assignment'*/[0m
  [1m[36mTRANSACTION (1.4ms)[0m  [1m[35mCOMMIT /*application='Assignment'*/[0m
  [1m[36mTRANSACTION (0.2ms)[0m  [1m[35mBEGIN /*application='Assignment'*/[0m
  [1m[36mChallenge Create (2.2ms)[0m  [1m[32mINSERT INTO "challenges" ("goal", "name", "description", "categories", "start_date", "end_date", "user_id", "created_at", "updated_at") VALUES ('Beber 2 litros de agua al día', 'Hidratación Total', 'Un reto simple para mejorar tu salud y bienestar general.', 'Salud, Bienestar', '2025-10-01', '2025-10-08', 10, '2025-10-02 00:25:13.852318', '2025-10-02 00:25:13.852318') RETURNING "id" /*application='Assignment'*/[0m
  [1m[36mTRANSACTION (1.5ms)[0m  [1m[35mCOMMIT /*application='Assignment'*/[0m
  [1m[36mTRANSACTION (0.3ms)[0m  [1m[35mBEGIN /*application='Assignment'*/[0m
  [1m[36mProgress Create (2.6ms)[0m  [1m[32mINSERT INTO "progresses" ("user_id", "challenge_id", "points_earned", "update_frequency", "created_at", "updated_at") VALUES (9, 1, 15, 'Diaria', '2025-10-02 00:25:13.865016', '2025-10-02 00:25:13.865016') RETURNING "id" /*application='Assignment'*/[0m
  [1m[36mTRANSACTION (1.4ms)[0m  [1m[35mCOMMIT /*application='Assignment'*/[0m
  [1m[36mTRANSACTION (0.2ms)[0m  [1m[35mBEGIN /*application='Assignment'*/[0m
  [1m[36mProgress Create (1.9ms)[0m  [1m[32mINSERT INTO "progresses" ("user_id", "challenge_id", "points_earned", "update_frequency", "created_at", "updated_at") VALUES (10, 1, 35, 'Diaria', '2025-10-02 00:25:13.871421', '2025-10-02 00:25:13.871421') RETURNING "id" /*application='Assignment'*/[0m
  [1m[36mTRANSACTION (1.3ms)[0m  [1m[35mCOMMIT /*application='Assignment'*/[0m
  [1m[36mTRANSACTION (0.2ms)[0m  [1m[35mBEGIN /*application='Assignment'*/[0m
  [1m[36mProgress Create (2.0ms)[0m  [1m[32mINSERT INTO "progresses" ("user_id", "challenge_id", "points_earned", "update_frequency", "created_at", "updated_at") VALUES (9, 2, 2, 'Semanal', '2025-10-02 00:25:13.877260', '2025-10-02 00:25:13.877260') RETURNING "id" /*application='Assignment'*/[0m
  [1m[36mTRANSACTION (1.6ms)[0m  [1m[35mCOMMIT /*application='Assignment'*/[0m
  [1m[36mTRANSACTION (0.4ms)[0m  [1m[35mBEGIN /*application='Assignment'*/[0m
  [1m[36mProgress Create (1.7ms)[0m  [1m[32mINSERT INTO "progresses" ("user_id", "challenge_id", "points_earned", "update_frequency", "created_at", "updated_at") VALUES (10, 3, 7, 'Diaria', '2025-10-02 00:25:13.888306', '2025-10-02 00:25:13.888306') RETURNING "id" /*application='Assignment'*/[0m
  [1m[36mTRANSACTION (1.4ms)[0m  [1m[35mCOMMIT /*application='Assignment'*/[0m
Started GET "/" for ::1 at 2025-10-01 21:25:29 -0300
  [1m[36mActiveRecord::SchemaMigration Load (1.8ms)[0m  [1m[34mSELECT "schema_migrations"."version" FROM "schema_migrations" ORDER BY "schema_migrations"."version" ASC /*application='Assignment'*/[0m
Processing by UsersController#index as HTML
  Rendering layout layouts/application.html.erb
  Rendering users/index.html.erb within layouts/application
  [1m[36mUser Load (14.3ms)[0m  [1m[34mSELECT "users".* FROM "users" /*action='index',application='Assignment',controller='users'*/[0m
  ↳ app/views/users/index.html.erb:8
  Rendered users/_user.html.erb (Duration: 0.4ms | GC: 0.0ms)
  Rendered users/_user.html.erb (Duration: 0.0ms | GC: 0.0ms)
  Rendered users/_user.html.erb (Duration: 0.0ms | GC: 0.0ms)
  Rendered users/index.html.erb within layouts/application (Duration: 35.4ms | GC: 0.0ms)
  Rendered layout layouts/application.html.erb (Duration: 53.0ms | GC: 0.0ms)
Completed 200 OK in 93ms (Views: 30.4ms | ActiveRecord: 26.2ms (1 query, 0 cached) | GC: 0.0ms)


Started GET "/" for ::1 at 2025-10-01 21:25:33 -0300
Processing by UsersController#index as HTML
  Rendering layout layouts/application.html.erb
  Rendering users/index.html.erb within layouts/application
  [1m[36mUser Load (0.5ms)[0m  [1m[34mSELECT "users".* FROM "users" /*action='index',application='Assignment',controller='users'*/[0m
  ↳ app/views/users/index.html.erb:8
  Rendered users/_user.html.erb (Duration: 0.1ms | GC: 0.0ms)
  Rendered users/_user.html.erb (Duration: 0.1ms | GC: 0.0ms)
  Rendered users/_user.html.erb (Duration: 0.1ms | GC: 0.0ms)
  Rendered users/index.html.erb within layouts/application (Duration: 3.7ms | GC: 0.0ms)
  Rendered layout layouts/application.html.erb (Duration: 4.4ms | GC: 0.0ms)
Completed 200 OK in 14ms (Views: 4.3ms | ActiveRecord: 0.5ms (1 query, 0 cached) | GC: 0.0ms)


Started GET "/users/9" for ::1 at 2025-10-01 21:25:41 -0300
Processing by UsersController#show as HTML
  Parameters: {"id"=>"9"}
  [1m[36mUser Load (0.7ms)[0m  [1m[34mSELECT "users".* FROM "users" WHERE "users"."id" = 9 LIMIT 1 /*action='show',application='Assignment',controller='users'*/[0m
  ↳ app/controllers/users_controller.rb:63:in `set_user'
  Rendering layout layouts/application.html.erb
  Rendering users/show.html.erb within layouts/application
  Rendered users/_user.html.erb (Duration: 0.1ms | GC: 0.0ms)
  Rendered users/show.html.erb within layouts/application (Duration: 1.4ms | GC: 0.0ms)
  Rendered layout layouts/application.html.erb (Duration: 2.3ms | GC: 0.0ms)
Completed 200 OK in 22ms (Views: 2.9ms | ActiveRecord: 0.7ms (1 query, 0 cached) | GC: 0.0ms)


Started GET "/users" for ::1 at 2025-10-01 21:25:43 -0300
Processing by UsersController#index as HTML
  Rendering layout layouts/application.html.erb
  Rendering users/index.html.erb within layouts/application
  [1m[36mUser Load (0.5ms)[0m  [1m[34mSELECT "users".* FROM "users" /*action='index',application='Assignment',controller='users'*/[0m
  ↳ app/views/users/index.html.erb:8
  Rendered users/_user.html.erb (Duration: 0.1ms | GC: 0.0ms)
  Rendered users/_user.html.erb (Duration: 0.1ms | GC: 0.0ms)
  Rendered users/_user.html.erb (Duration: 0.0ms | GC: 0.0ms)
  Rendered users/index.html.erb within layouts/application (Duration: 2.8ms | GC: 0.0ms)
  Rendered layout layouts/application.html.erb (Duration: 3.4ms | GC: 0.0ms)
Completed 200 OK in 12ms (Views: 3.3ms | ActiveRecord: 0.5ms (1 query, 0 cached) | GC: 0.0ms)


Started GET "/challenges" for ::1 at 2025-10-01 21:26:07 -0300
Processing by ChallengesController#index as HTML
  Rendering layout layouts/application.html.erb
  Rendering challenges/index.html.erb within layouts/application
  [1m[36mChallenge Load (0.9ms)[0m  [1m[34mSELECT "challenges".* FROM "challenges" /*action='index',application='Assignment',controller='challenges'*/[0m
  ↳ app/views/challenges/index.html.erb:8
  Rendered challenges/_challenge.html.erb (Duration: 2.6ms | GC: 0.0ms)
  Rendered challenges/index.html.erb within layouts/application (Duration: 15.3ms | GC: 0.0ms)
  Rendered layout layouts/application.html.erb (Duration: 15.5ms | GC: 0.0ms)
Completed 500 Internal Server Error in 27ms (ActiveRecord: 4.6ms (1 query, 0 cached) | GC: 0.0ms)


  
ActionView::Template::Error (undefined method `creator_id' for #<Challenge id: 1, goal: "Correr 42 kilómetros en un mes", name: "Reto Maratón Mensual", description: "Acumula kilómetros en cada carrera hasta alcanzar ...", categories: "Fitness, Running", start_date: "2025-10-01", end_date: "2025-10-31", user_id: 11, created_at: "2025-10-02 00:25:13.837532000 +0000", updated_at: "2025-10-02 00:25:13.837532000 +0000">)
Caused by: NoMethodError (undefined method `creator_id' for #<Challenge id: 1, goal: "Correr 42 kilómetros en un mes", name: "Reto Maratón Mensual", description: "Acumula kilómetros en cada carrera hasta alcanzar ...", categories: "Fitness, Running", start_date: "2025-10-01", end_date: "2025-10-31", user_id: 11, created_at: "2025-10-02 00:25:13.837532000 +0000", updated_at: "2025-10-02 00:25:13.837532000 +0000">)

Information for: ActionView::Template::Error (undefined method `creator_id' for #<Challenge id: 1, goal: "Correr 42 kilómetros en un mes", name: "Reto Maratón Mensual", description: "Acumula kilómetros en cada carrera hasta alcanzar ...", categories: "Fitness, Running", start_date: "2025-10-01", end_date: "2025-10-31", user_id: 11, created_at: "2025-10-02 00:25:13.837532000 +0000", updated_at: "2025-10-02 00:25:13.837532000 +0000">):
    31: 
    32:   <p>
    33:     <strong>Creator:</strong>
    34:     <%= challenge.creator_id %>
    35:   </p>
    36: 
    37: </div>
  
app/views/challenges/_challenge.html.erb:34
app/views/challenges/index.html.erb:9
app/views/challenges/index.html.erb:8

Information for cause: NoMethodError (undefined method `creator_id' for #<Challenge id: 1, goal: "Correr 42 kilómetros en un mes", name: "Reto Maratón Mensual", description: "Acumula kilómetros en cada carrera hasta alcanzar ...", categories: "Fitness, Running", start_date: "2025-10-01", end_date: "2025-10-31", user_id: 11, created_at: "2025-10-02 00:25:13.837532000 +0000", updated_at: "2025-10-02 00:25:13.837532000 +0000">):
  
app/views/challenges/_challenge.html.erb:34
app/views/challenges/index.html.erb:9
app/views/challenges/index.html.erb:8
Started GET "/challenges" for ::1 at 2025-10-01 21:26:48 -0300
Processing by ChallengesController#index as HTML
  Rendering layout layouts/application.html.erb
  Rendering challenges/index.html.erb within layouts/application
  [1m[36mChallenge Load (0.7ms)[0m  [1m[34mSELECT "challenges".* FROM "challenges" /*action='index',application='Assignment',controller='challenges'*/[0m
  ↳ app/views/challenges/index.html.erb:8
  [1m[36mUser Load (0.6ms)[0m  [1m[34mSELECT "users".* FROM "users" WHERE "users"."id" = 11 LIMIT 1 /*action='index',application='Assignment',controller='challenges'*/[0m
  ↳ app/views/challenges/_challenge.html.erb:34
  Rendered challenges/_challenge.html.erb (Duration: 25.4ms | GC: 0.0ms)
  [1m[36mUser Load (0.6ms)[0m  [1m[34mSELECT "users".* FROM "users" WHERE "users"."id" = 9 LIMIT 1 /*action='index',application='Assignment',controller='challenges'*/[0m
  ↳ app/views/challenges/_challenge.html.erb:34
  Rendered challenges/_challenge.html.erb (Duration: 2.3ms | GC: 0.0ms)
  [1m[36mUser Load (0.4ms)[0m  [1m[34mSELECT "users".* FROM "users" WHERE "users"."id" = 10 LIMIT 1 /*action='index',application='Assignment',controller='challenges'*/[0m
  ↳ app/views/challenges/_challenge.html.erb:34
  Rendered challenges/_challenge.html.erb (Duration: 1.8ms | GC: 0.0ms)
  Rendered challenges/index.html.erb within layouts/application (Duration: 41.4ms | GC: 0.0ms)
  Rendered layout layouts/application.html.erb (Duration: 42.7ms | GC: 0.0ms)
Completed 200 OK in 58ms (Views: 37.6ms | ActiveRecord: 7.7ms (4 queries, 0 cached) | GC: 0.0ms)


Started GET "/challenges/2" for ::1 at 2025-10-01 21:26:56 -0300
Processing by ChallengesController#show as HTML
  Parameters: {"id"=>"2"}
  [1m[36mChallenge Load (0.6ms)[0m  [1m[34mSELECT "challenges".* FROM "challenges" WHERE "challenges"."id" = 2 LIMIT 1 /*action='show',application='Assignment',controller='challenges'*/[0m
  ↳ app/controllers/challenges_controller.rb:63:in `set_challenge'
  Rendering layout layouts/application.html.erb
  Rendering challenges/show.html.erb within layouts/application
  [1m[36mUser Load (0.4ms)[0m  [1m[34mSELECT "users".* FROM "users" WHERE "users"."id" = 9 LIMIT 1 /*action='show',application='Assignment',controller='challenges'*/[0m
  ↳ app/views/challenges/_challenge.html.erb:34
  Rendered challenges/_challenge.html.erb (Duration: 1.7ms | GC: 0.0ms)
  Rendered challenges/show.html.erb within layouts/application (Duration: 3.1ms | GC: 0.0ms)
  Rendered layout layouts/application.html.erb (Duration: 4.1ms | GC: 0.0ms)
Completed 200 OK in 17ms (Views: 4.2ms | ActiveRecord: 1.0ms (2 queries, 0 cached) | GC: 0.0ms)


Started GET "/challenges/2/edit" for ::1 at 2025-10-01 21:27:06 -0300
Processing by ChallengesController#edit as HTML
  Parameters: {"id"=>"2"}
  [1m[36mChallenge Load (0.7ms)[0m  [1m[34mSELECT "challenges".* FROM "challenges" WHERE "challenges"."id" = 2 LIMIT 1 /*action='edit',application='Assignment',controller='challenges'*/[0m
  ↳ app/controllers/challenges_controller.rb:63:in `set_challenge'
  Rendering layout layouts/application.html.erb
  Rendering challenges/edit.html.erb within layouts/application
  Rendered challenges/_form.html.erb (Duration: 11.1ms | GC: 0.0ms)
  Rendered challenges/edit.html.erb within layouts/application (Duration: 12.4ms | GC: 0.0ms)
  Rendered layout layouts/application.html.erb (Duration: 13.1ms | GC: 0.0ms)
Completed 200 OK in 30ms (Views: 13.7ms | ActiveRecord: 0.6ms (1 query, 0 cached) | GC: 0.0ms)


Started GET "/challenges" for ::1 at 2025-10-01 21:27:07 -0300
Processing by ChallengesController#index as HTML
  Rendering layout layouts/application.html.erb
  Rendering challenges/index.html.erb within layouts/application
  [1m[36mChallenge Load (0.4ms)[0m  [1m[34mSELECT "challenges".* FROM "challenges" /*action='index',application='Assignment',controller='challenges'*/[0m
  ↳ app/views/challenges/index.html.erb:8
  [1m[36mUser Load (0.4ms)[0m  [1m[34mSELECT "users".* FROM "users" WHERE "users"."id" = 11 LIMIT 1 /*action='index',application='Assignment',controller='challenges'*/[0m
  ↳ app/views/challenges/_challenge.html.erb:34
  Rendered challenges/_challenge.html.erb (Duration: 1.7ms | GC: 0.0ms)
  [1m[36mUser Load (0.3ms)[0m  [1m[34mSELECT "users".* FROM "users" WHERE "users"."id" = 9 LIMIT 1 /*action='index',application='Assignment',controller='challenges'*/[0m
  ↳ app/views/challenges/_challenge.html.erb:34
  Rendered challenges/_challenge.html.erb (Duration: 2.2ms | GC: 0.4ms)
  [1m[36mUser Load (0.3ms)[0m  [1m[34mSELECT "users".* FROM "users" WHERE "users"."id" = 10 LIMIT 1 /*action='index',application='Assignment',controller='challenges'*/[0m
  ↳ app/views/challenges/_challenge.html.erb:34
  Rendered challenges/_challenge.html.erb (Duration: 1.5ms | GC: 0.0ms)
  Rendered challenges/index.html.erb within layouts/application (Duration: 9.0ms | GC: 0.4ms)
  Rendered layout layouts/application.html.erb (Duration: 9.8ms | GC: 0.4ms)
Completed 200 OK in 20ms (Views: 8.9ms | ActiveRecord: 1.3ms (4 queries, 0 cached) | GC: 0.4ms)


Started GET "/progress" for ::1 at 2025-10-01 21:28:25 -0300
  
ActionController::RoutingError (uninitialized constant ProgressController)
Caused by: ActionDispatch::MissingController (uninitialized constant ProgressController)
Caused by: NameError (uninitialized constant ProgressController)

Information for: ActionController::RoutingError (uninitialized constant ProgressController):
  

Information for cause: ActionDispatch::MissingController (uninitialized constant ProgressController):
  
actionpack (8.0.3) lib/action_dispatch/http/request.rb:102:in `rescue in controller_class_for'
actionpack (8.0.3) lib/action_dispatch/http/request.rb:98:in `controller_class_for'
actionpack (8.0.3) lib/action_dispatch/http/request.rb:91:in `controller_class'
actionpack (8.0.3) lib/action_dispatch/routing/route_set.rb:61:in `controller'
actionpack (8.0.3) lib/action_dispatch/routing/route_set.rb:48:in `serve'
actionpack (8.0.3) lib/action_dispatch/journey/router.rb:53:in `block in serve'
actionpack (8.0.3) lib/action_dispatch/journey/router.rb:133:in `block in find_routes'
actionpack (8.0.3) lib/action_dispatch/journey/router.rb:126:in `each'
actionpack (8.0.3) lib/action_dispatch/journey/router.rb:126:in `find_routes'
actionpack (8.0.3) lib/action_dispatch/journey/router.rb:34:in `serve'
actionpack (8.0.3) lib/action_dispatch/routing/route_set.rb:908:in `call'
railties (8.0.3) lib/rails/engine/lazy_route_set.rb:60:in `call'
rack (3.2.1) lib/rack/tempfile_reaper.rb:20:in `call'
rack (3.2.1) lib/rack/etag.rb:29:in `call'
rack (3.2.1) lib/rack/conditional_get.rb:31:in `call'
rack (3.2.1) lib/rack/head.rb:15:in `call'
actionpack (8.0.3) lib/action_dispatch/http/permissions_policy.rb:38:in `call'
actionpack (8.0.3) lib/action_dispatch/http/content_security_policy.rb:38:in `call'
rack-session (2.1.1) lib/rack/session/abstract/id.rb:274:in `context'
rack-session (2.1.1) lib/rack/session/abstract/id.rb:268:in `call'
actionpack (8.0.3) lib/action_dispatch/middleware/cookies.rb:706:in `call'
activerecord (8.0.3) lib/active_record/migration.rb:670:in `call'
actionpack (8.0.3) lib/action_dispatch/middleware/callbacks.rb:31:in `block in call'
activesupport (8.0.3) lib/active_support/callbacks.rb:100:in `run_callbacks'
actionpack (8.0.3) lib/action_dispatch/middleware/callbacks.rb:30:in `call'
actionpack (8.0.3) lib/action_dispatch/middleware/executor.rb:16:in `call'
actionpack (8.0.3) lib/action_dispatch/middleware/actionable_exceptions.rb:18:in `call'
actionpack (8.0.3) lib/action_dispatch/middleware/debug_exceptions.rb:31:in `call'
web-console (4.2.1) lib/web_console/middleware.rb:132:in `call_app'
web-console (4.2.1) lib/web_console/middleware.rb:28:in `block in call'
web-console (4.2.1) lib/web_console/middleware.rb:17:in `catch'
web-console (4.2.1) lib/web_console/middleware.rb:17:in `call'
actionpack (8.0.3) lib/action_dispatch/middleware/show_exceptions.rb:32:in `call'
railties (8.0.3) lib/rails/rack/logger.rb:41:in `call_app'
railties (8.0.3) lib/rails/rack/logger.rb:29:in `call'
actionpack (8.0.3) lib/action_dispatch/middleware/remote_ip.rb:96:in `call'
actionpack (8.0.3) lib/action_dispatch/middleware/request_id.rb:34:in `call'
rack (3.2.1) lib/rack/method_override.rb:28:in `call'
rack (3.2.1) lib/rack/runtime.rb:24:in `call'
actionpack (8.0.3) lib/action_dispatch/middleware/server_timing.rb:61:in `block in call'
actionpack (8.0.3) lib/action_dispatch/middleware/server_timing.rb:26:in `collect_events'
actionpack (8.0.3) lib/action_dispatch/middleware/server_timing.rb:60:in `call'
actionpack (8.0.3) lib/action_dispatch/middleware/executor.rb:16:in `call'
propshaft (1.3.1) lib/propshaft/server.rb:37:in `call'
actionpack (8.0.3) lib/action_dispatch/middleware/static.rb:27:in `call'
rack (3.2.1) lib/rack/sendfile.rb:114:in `call'
actionpack (8.0.3) lib/action_dispatch/middleware/host_authorization.rb:143:in `call'
railties (8.0.3) lib/rails/engine.rb:535:in `call'
puma (7.0.4) lib/puma/configuration.rb:299:in `call'
puma (7.0.4) lib/puma/request.rb:101:in `block in handle_request'
puma (7.0.4) lib/puma/thread_pool.rb:346:in `with_force_shutdown'
puma (7.0.4) lib/puma/request.rb:100:in `handle_request'
puma (7.0.4) lib/puma/server.rb:506:in `process_client'
puma (7.0.4) lib/puma/server.rb:265:in `block in run'
puma (7.0.4) lib/puma/thread_pool.rb:173:in `block in spawn_thread'

Information for cause: NameError (uninitialized constant ProgressController):
  
activesupport (8.0.3) lib/active_support/inflector/methods.rb:290:in `constantize'
activesupport (8.0.3) lib/active_support/core_ext/string/inflections.rb:74:in `constantize'
actionpack (8.0.3) lib/action_dispatch/http/request.rb:99:in `controller_class_for'
actionpack (8.0.3) lib/action_dispatch/http/request.rb:91:in `controller_class'
actionpack (8.0.3) lib/action_dispatch/routing/route_set.rb:61:in `controller'
actionpack (8.0.3) lib/action_dispatch/routing/route_set.rb:48:in `serve'
actionpack (8.0.3) lib/action_dispatch/journey/router.rb:53:in `block in serve'
actionpack (8.0.3) lib/action_dispatch/journey/router.rb:133:in `block in find_routes'
actionpack (8.0.3) lib/action_dispatch/journey/router.rb:126:in `each'
actionpack (8.0.3) lib/action_dispatch/journey/router.rb:126:in `find_routes'
actionpack (8.0.3) lib/action_dispatch/journey/router.rb:34:in `serve'
actionpack (8.0.3) lib/action_dispatch/routing/route_set.rb:908:in `call'
railties (8.0.3) lib/rails/engine/lazy_route_set.rb:60:in `call'
rack (3.2.1) lib/rack/tempfile_reaper.rb:20:in `call'
rack (3.2.1) lib/rack/etag.rb:29:in `call'
rack (3.2.1) lib/rack/conditional_get.rb:31:in `call'
rack (3.2.1) lib/rack/head.rb:15:in `call'
actionpack (8.0.3) lib/action_dispatch/http/permissions_policy.rb:38:in `call'
actionpack (8.0.3) lib/action_dispatch/http/content_security_policy.rb:38:in `call'
rack-session (2.1.1) lib/rack/session/abstract/id.rb:274:in `context'
rack-session (2.1.1) lib/rack/session/abstract/id.rb:268:in `call'
actionpack (8.0.3) lib/action_dispatch/middleware/cookies.rb:706:in `call'
activerecord (8.0.3) lib/active_record/migration.rb:670:in `call'
actionpack (8.0.3) lib/action_dispatch/middleware/callbacks.rb:31:in `block in call'
activesupport (8.0.3) lib/active_support/callbacks.rb:100:in `run_callbacks'
actionpack (8.0.3) lib/action_dispatch/middleware/callbacks.rb:30:in `call'
actionpack (8.0.3) lib/action_dispatch/middleware/executor.rb:16:in `call'
actionpack (8.0.3) lib/action_dispatch/middleware/actionable_exceptions.rb:18:in `call'
actionpack (8.0.3) lib/action_dispatch/middleware/debug_exceptions.rb:31:in `call'
web-console (4.2.1) lib/web_console/middleware.rb:132:in `call_app'
web-console (4.2.1) lib/web_console/middleware.rb:28:in `block in call'
web-console (4.2.1) lib/web_console/middleware.rb:17:in `catch'
web-console (4.2.1) lib/web_console/middleware.rb:17:in `call'
actionpack (8.0.3) lib/action_dispatch/middleware/show_exceptions.rb:32:in `call'
railties (8.0.3) lib/rails/rack/logger.rb:41:in `call_app'
railties (8.0.3) lib/rails/rack/logger.rb:29:in `call'
actionpack (8.0.3) lib/action_dispatch/middleware/remote_ip.rb:96:in `call'
actionpack (8.0.3) lib/action_dispatch/middleware/request_id.rb:34:in `call'
rack (3.2.1) lib/rack/method_override.rb:28:in `call'
rack (3.2.1) lib/rack/runtime.rb:24:in `call'
actionpack (8.0.3) lib/action_dispatch/middleware/server_timing.rb:61:in `block in call'
actionpack (8.0.3) lib/action_dispatch/middleware/server_timing.rb:26:in `collect_events'
actionpack (8.0.3) lib/action_dispatch/middleware/server_timing.rb:60:in `call'
actionpack (8.0.3) lib/action_dispatch/middleware/executor.rb:16:in `call'
propshaft (1.3.1) lib/propshaft/server.rb:37:in `call'
actionpack (8.0.3) lib/action_dispatch/middleware/static.rb:27:in `call'
rack (3.2.1) lib/rack/sendfile.rb:114:in `call'
actionpack (8.0.3) lib/action_dispatch/middleware/host_authorization.rb:143:in `call'
railties (8.0.3) lib/rails/engine.rb:535:in `call'
puma (7.0.4) lib/puma/configuration.rb:299:in `call'
puma (7.0.4) lib/puma/request.rb:101:in `block in handle_request'
puma (7.0.4) lib/puma/thread_pool.rb:346:in `with_force_shutdown'
puma (7.0.4) lib/puma/request.rb:100:in `handle_request'
puma (7.0.4) lib/puma/server.rb:506:in `process_client'
puma (7.0.4) lib/puma/server.rb:265:in `block in run'
puma (7.0.4) lib/puma/thread_pool.rb:173:in `block in spawn_thread'
Started GET "/progres" for ::1 at 2025-10-01 21:28:33 -0300
  
ActionController::RoutingError (No route matches [GET] "/progres"):
  
Started GET "/progress" for ::1 at 2025-10-01 21:28:44 -0300
  
ActionController::RoutingError (uninitialized constant ProgressController)
Caused by: ActionDispatch::MissingController (uninitialized constant ProgressController)
Caused by: NameError (uninitialized constant ProgressController)

Information for: ActionController::RoutingError (uninitialized constant ProgressController):
  

Information for cause: ActionDispatch::MissingController (uninitialized constant ProgressController):
  
actionpack (8.0.3) lib/action_dispatch/http/request.rb:102:in `rescue in controller_class_for'
actionpack (8.0.3) lib/action_dispatch/http/request.rb:98:in `controller_class_for'
actionpack (8.0.3) lib/action_dispatch/http/request.rb:91:in `controller_class'
actionpack (8.0.3) lib/action_dispatch/routing/route_set.rb:61:in `controller'
actionpack (8.0.3) lib/action_dispatch/routing/route_set.rb:48:in `serve'
actionpack (8.0.3) lib/action_dispatch/journey/router.rb:53:in `block in serve'
actionpack (8.0.3) lib/action_dispatch/journey/router.rb:133:in `block in find_routes'
actionpack (8.0.3) lib/action_dispatch/journey/router.rb:126:in `each'
actionpack (8.0.3) lib/action_dispatch/journey/router.rb:126:in `find_routes'
actionpack (8.0.3) lib/action_dispatch/journey/router.rb:34:in `serve'
actionpack (8.0.3) lib/action_dispatch/routing/route_set.rb:908:in `call'
railties (8.0.3) lib/rails/engine/lazy_route_set.rb:60:in `call'
rack (3.2.1) lib/rack/tempfile_reaper.rb:20:in `call'
rack (3.2.1) lib/rack/etag.rb:29:in `call'
rack (3.2.1) lib/rack/conditional_get.rb:31:in `call'
rack (3.2.1) lib/rack/head.rb:15:in `call'
actionpack (8.0.3) lib/action_dispatch/http/permissions_policy.rb:38:in `call'
actionpack (8.0.3) lib/action_dispatch/http/content_security_policy.rb:38:in `call'
rack-session (2.1.1) lib/rack/session/abstract/id.rb:274:in `context'
rack-session (2.1.1) lib/rack/session/abstract/id.rb:268:in `call'
actionpack (8.0.3) lib/action_dispatch/middleware/cookies.rb:706:in `call'
activerecord (8.0.3) lib/active_record/migration.rb:670:in `call'
actionpack (8.0.3) lib/action_dispatch/middleware/callbacks.rb:31:in `block in call'
activesupport (8.0.3) lib/active_support/callbacks.rb:100:in `run_callbacks'
actionpack (8.0.3) lib/action_dispatch/middleware/callbacks.rb:30:in `call'
actionpack (8.0.3) lib/action_dispatch/middleware/executor.rb:16:in `call'
actionpack (8.0.3) lib/action_dispatch/middleware/actionable_exceptions.rb:18:in `call'
actionpack (8.0.3) lib/action_dispatch/middleware/debug_exceptions.rb:31:in `call'
web-console (4.2.1) lib/web_console/middleware.rb:132:in `call_app'
web-console (4.2.1) lib/web_console/middleware.rb:28:in `block in call'
web-console (4.2.1) lib/web_console/middleware.rb:17:in `catch'
web-console (4.2.1) lib/web_console/middleware.rb:17:in `call'
actionpack (8.0.3) lib/action_dispatch/middleware/show_exceptions.rb:32:in `call'
railties (8.0.3) lib/rails/rack/logger.rb:41:in `call_app'
railties (8.0.3) lib/rails/rack/logger.rb:29:in `call'
actionpack (8.0.3) lib/action_dispatch/middleware/remote_ip.rb:96:in `call'
actionpack (8.0.3) lib/action_dispatch/middleware/request_id.rb:34:in `call'
rack (3.2.1) lib/rack/method_override.rb:28:in `call'
rack (3.2.1) lib/rack/runtime.rb:24:in `call'
actionpack (8.0.3) lib/action_dispatch/middleware/server_timing.rb:61:in `block in call'
actionpack (8.0.3) lib/action_dispatch/middleware/server_timing.rb:26:in `collect_events'
actionpack (8.0.3) lib/action_dispatch/middleware/server_timing.rb:60:in `call'
actionpack (8.0.3) lib/action_dispatch/middleware/executor.rb:16:in `call'
propshaft (1.3.1) lib/propshaft/server.rb:37:in `call'
actionpack (8.0.3) lib/action_dispatch/middleware/static.rb:27:in `call'
rack (3.2.1) lib/rack/sendfile.rb:114:in `call'
actionpack (8.0.3) lib/action_dispatch/middleware/host_authorization.rb:143:in `call'
railties (8.0.3) lib/rails/engine.rb:535:in `call'
puma (7.0.4) lib/puma/configuration.rb:299:in `call'
puma (7.0.4) lib/puma/request.rb:101:in `block in handle_request'
puma (7.0.4) lib/puma/thread_pool.rb:346:in `with_force_shutdown'
puma (7.0.4) lib/puma/request.rb:100:in `handle_request'
puma (7.0.4) lib/puma/server.rb:506:in `process_client'
puma (7.0.4) lib/puma/server.rb:265:in `block in run'
puma (7.0.4) lib/puma/thread_pool.rb:173:in `block in spawn_thread'

Information for cause: NameError (uninitialized constant ProgressController):
  
activesupport (8.0.3) lib/active_support/inflector/methods.rb:290:in `constantize'
activesupport (8.0.3) lib/active_support/core_ext/string/inflections.rb:74:in `constantize'
actionpack (8.0.3) lib/action_dispatch/http/request.rb:99:in `controller_class_for'
actionpack (8.0.3) lib/action_dispatch/http/request.rb:91:in `controller_class'
actionpack (8.0.3) lib/action_dispatch/routing/route_set.rb:61:in `controller'
actionpack (8.0.3) lib/action_dispatch/routing/route_set.rb:48:in `serve'
actionpack (8.0.3) lib/action_dispatch/journey/router.rb:53:in `block in serve'
actionpack (8.0.3) lib/action_dispatch/journey/router.rb:133:in `block in find_routes'
actionpack (8.0.3) lib/action_dispatch/journey/router.rb:126:in `each'
actionpack (8.0.3) lib/action_dispatch/journey/router.rb:126:in `find_routes'
actionpack (8.0.3) lib/action_dispatch/journey/router.rb:34:in `serve'
actionpack (8.0.3) lib/action_dispatch/routing/route_set.rb:908:in `call'
railties (8.0.3) lib/rails/engine/lazy_route_set.rb:60:in `call'
rack (3.2.1) lib/rack/tempfile_reaper.rb:20:in `call'
rack (3.2.1) lib/rack/etag.rb:29:in `call'
rack (3.2.1) lib/rack/conditional_get.rb:31:in `call'
rack (3.2.1) lib/rack/head.rb:15:in `call'
actionpack (8.0.3) lib/action_dispatch/http/permissions_policy.rb:38:in `call'
actionpack (8.0.3) lib/action_dispatch/http/content_security_policy.rb:38:in `call'
rack-session (2.1.1) lib/rack/session/abstract/id.rb:274:in `context'
rack-session (2.1.1) lib/rack/session/abstract/id.rb:268:in `call'
actionpack (8.0.3) lib/action_dispatch/middleware/cookies.rb:706:in `call'
activerecord (8.0.3) lib/active_record/migration.rb:670:in `call'
actionpack (8.0.3) lib/action_dispatch/middleware/callbacks.rb:31:in `block in call'
activesupport (8.0.3) lib/active_support/callbacks.rb:100:in `run_callbacks'
actionpack (8.0.3) lib/action_dispatch/middleware/callbacks.rb:30:in `call'
actionpack (8.0.3) lib/action_dispatch/middleware/executor.rb:16:in `call'
actionpack (8.0.3) lib/action_dispatch/middleware/actionable_exceptions.rb:18:in `call'
actionpack (8.0.3) lib/action_dispatch/middleware/debug_exceptions.rb:31:in `call'
web-console (4.2.1) lib/web_console/middleware.rb:132:in `call_app'
web-console (4.2.1) lib/web_console/middleware.rb:28:in `block in call'
web-console (4.2.1) lib/web_console/middleware.rb:17:in `catch'
web-console (4.2.1) lib/web_console/middleware.rb:17:in `call'
actionpack (8.0.3) lib/action_dispatch/middleware/show_exceptions.rb:32:in `call'
railties (8.0.3) lib/rails/rack/logger.rb:41:in `call_app'
railties (8.0.3) lib/rails/rack/logger.rb:29:in `call'
actionpack (8.0.3) lib/action_dispatch/middleware/remote_ip.rb:96:in `call'
actionpack (8.0.3) lib/action_dispatch/middleware/request_id.rb:34:in `call'
rack (3.2.1) lib/rack/method_override.rb:28:in `call'
rack (3.2.1) lib/rack/runtime.rb:24:in `call'
actionpack (8.0.3) lib/action_dispatch/middleware/server_timing.rb:61:in `block in call'
actionpack (8.0.3) lib/action_dispatch/middleware/server_timing.rb:26:in `collect_events'
actionpack (8.0.3) lib/action_dispatch/middleware/server_timing.rb:60:in `call'
actionpack (8.0.3) lib/action_dispatch/middleware/executor.rb:16:in `call'
propshaft (1.3.1) lib/propshaft/server.rb:37:in `call'
actionpack (8.0.3) lib/action_dispatch/middleware/static.rb:27:in `call'
rack (3.2.1) lib/rack/sendfile.rb:114:in `call'
actionpack (8.0.3) lib/action_dispatch/middleware/host_authorization.rb:143:in `call'
railties (8.0.3) lib/rails/engine.rb:535:in `call'
puma (7.0.4) lib/puma/configuration.rb:299:in `call'
puma (7.0.4) lib/puma/request.rb:101:in `block in handle_request'
puma (7.0.4) lib/puma/thread_pool.rb:346:in `with_force_shutdown'
puma (7.0.4) lib/puma/request.rb:100:in `handle_request'
puma (7.0.4) lib/puma/server.rb:506:in `process_client'
puma (7.0.4) lib/puma/server.rb:265:in `block in run'
puma (7.0.4) lib/puma/thread_pool.rb:173:in `block in spawn_thread'
Started GET "/progresses" for ::1 at 2025-10-01 21:28:57 -0300
Processing by ProgressesController#index as HTML
  Rendering layout layouts/application.html.erb
  Rendering progresses/index.html.erb within layouts/application
  [1m[36mProgress Load (0.5ms)[0m  [1m[34mSELECT "progresses".* FROM "progresses" /*action='index',application='Assignment',controller='progresses'*/[0m
  ↳ app/views/progresses/index.html.erb:8
  Rendered progresses/_progress.html.erb (Duration: 0.5ms | GC: 0.0ms)
  Rendered progresses/_progress.html.erb (Duration: 0.1ms | GC: 0.0ms)
  Rendered progresses/_progress.html.erb (Duration: 0.1ms | GC: 0.0ms)
  Rendered progresses/_progress.html.erb (Duration: 0.1ms | GC: 0.0ms)
  Rendered progresses/index.html.erb within layouts/application (Duration: 10.2ms | GC: 0.3ms)
  Rendered layout layouts/application.html.erb (Duration: 10.9ms | GC: 0.3ms)
Completed 200 OK in 22ms (Views: 9.2ms | ActiveRecord: 2.4ms (1 query, 0 cached) | GC: 0.5ms)


Started GET "/challenges" for ::1 at 2025-10-01 21:29:29 -0300
Processing by ChallengesController#index as HTML
  Rendering layout layouts/application.html.erb
  Rendering challenges/index.html.erb within layouts/application
  [1m[36mChallenge Load (0.5ms)[0m  [1m[34mSELECT "challenges".* FROM "challenges" /*action='index',application='Assignment',controller='challenges'*/[0m
  ↳ app/views/challenges/index.html.erb:8
  Rendered challenges/_challenge.html.erb (Duration: 1.2ms | GC: 0.0ms)
  Rendered challenges/index.html.erb within layouts/application (Duration: 10.3ms | GC: 0.4ms)
  Rendered layout layouts/application.html.erb (Duration: 10.5ms | GC: 0.4ms)
Completed 500 Internal Server Error in 21ms (ActiveRecord: 3.1ms (1 query, 0 cached) | GC: 0.4ms)


  
ActionView::Template::Error (undefined method `user_name' for #<Challenge id: 1, goal: "Correr 42 kilómetros en un mes", name: "Reto Maratón Mensual", description: "Acumula kilómetros en cada carrera hasta alcanzar ...", categories: "Fitness, Running", start_date: "2025-10-01", end_date: "2025-10-31", user_id: 11, created_at: "2025-10-02 00:25:13.837532000 +0000", updated_at: "2025-10-02 00:25:13.837532000 +0000">)
Caused by: NoMethodError (undefined method `user_name' for #<Challenge id: 1, goal: "Correr 42 kilómetros en un mes", name: "Reto Maratón Mensual", description: "Acumula kilómetros en cada carrera hasta alcanzar ...", categories: "Fitness, Running", start_date: "2025-10-01", end_date: "2025-10-31", user_id: 11, created_at: "2025-10-02 00:25:13.837532000 +0000", updated_at: "2025-10-02 00:25:13.837532000 +0000">)

Information for: ActionView::Template::Error (undefined method `user_name' for #<Challenge id: 1, goal: "Correr 42 kilómetros en un mes", name: "Reto Maratón Mensual", description: "Acumula kilómetros en cada carrera hasta alcanzar ...", categories: "Fitness, Running", start_date: "2025-10-01", end_date: "2025-10-31", user_id: 11, created_at: "2025-10-02 00:25:13.837532000 +0000", updated_at: "2025-10-02 00:25:13.837532000 +0000">):
    31: 
    32:   <p>
    33:     <strong>Creator:</strong>
    34:     <%= challenge.user_name %>
    35:   </p>
    36: 
    37: </div>
  
app/views/challenges/_challenge.html.erb:34
app/views/challenges/index.html.erb:9
app/views/challenges/index.html.erb:8

Information for cause: NoMethodError (undefined method `user_name' for #<Challenge id: 1, goal: "Correr 42 kilómetros en un mes", name: "Reto Maratón Mensual", description: "Acumula kilómetros en cada carrera hasta alcanzar ...", categories: "Fitness, Running", start_date: "2025-10-01", end_date: "2025-10-31", user_id: 11, created_at: "2025-10-02 00:25:13.837532000 +0000", updated_at: "2025-10-02 00:25:13.837532000 +0000">):
  
app/views/challenges/_challenge.html.erb:34
app/views/challenges/index.html.erb:9
app/views/challenges/index.html.erb:8
Started GET "/challenges" for ::1 at 2025-10-01 21:29:43 -0300
Processing by ChallengesController#index as HTML
  Rendering layout layouts/application.html.erb
  Rendering challenges/index.html.erb within layouts/application
  [1m[36mChallenge Load (0.5ms)[0m  [1m[34mSELECT "challenges".* FROM "challenges" /*action='index',application='Assignment',controller='challenges'*/[0m
  ↳ app/views/challenges/index.html.erb:8
  Rendered challenges/_challenge.html.erb (Duration: 0.3ms | GC: 0.0ms)
  Rendered challenges/_challenge.html.erb (Duration: 0.0ms | GC: 0.0ms)
  Rendered challenges/_challenge.html.erb (Duration: 0.0ms | GC: 0.0ms)
  Rendered challenges/index.html.erb within layouts/application (Duration: 13.4ms | GC: 3.8ms)
  Rendered layout layouts/application.html.erb (Duration: 14.4ms | GC: 3.8ms)
Completed 200 OK in 25ms (Views: 12.0ms | ActiveRecord: 3.2ms (1 query, 0 cached) | GC: 3.8ms)


